Using pre-set license
Built from '2022.2/staging' branch; Version is '2022.2.14f1 (b2c9b1ac6cc0) revision 11717041'; Using compiler version '192829333'; Build Type 'Release'
OS: 'Windows 11  (10.0.22621) 64bit Enterprise' Language: 'en' Physical Memory: 32609 MB
BatchMode: 1, IsHumanControllingUs: 0, StartBugReporterOnCrash: 0, Is64bit: 1, IsPro: 1

COMMAND LINE ARGUMENTS:
C:\Program Files\Unity\Hub\Editor\2022.2.14f1\Editor\Unity.exe
-adb2
-batchMode
-noUpm
-name
AssetImportWorker4
-projectPath
C:/Users/ktnelson/Desktop/BuildingComplexity/BuildingComplexity3D
-logFile
Logs/AssetImportWorker4.log
-srvPort
58587
Successfully changed project path to: C:/Users/ktnelson/Desktop/BuildingComplexity/BuildingComplexity3D
C:/Users/ktnelson/Desktop/BuildingComplexity/BuildingComplexity3D
[UnityMemory] Configuration Parameters - Can be set up in boot.config
    "memorysetup-bucket-allocator-granularity=16"
    "memorysetup-bucket-allocator-bucket-count=8"
    "memorysetup-bucket-allocator-block-size=33554432"
    "memorysetup-bucket-allocator-block-count=8"
    "memorysetup-main-allocator-block-size=16777216"
    "memorysetup-thread-allocator-block-size=16777216"
    "memorysetup-gfx-main-allocator-block-size=16777216"
    "memorysetup-gfx-thread-allocator-block-size=16777216"
    "memorysetup-cache-allocator-block-size=4194304"
    "memorysetup-typetree-allocator-block-size=2097152"
    "memorysetup-profiler-bucket-allocator-granularity=16"
    "memorysetup-profiler-bucket-allocator-bucket-count=8"
    "memorysetup-profiler-bucket-allocator-block-size=33554432"
    "memorysetup-profiler-bucket-allocator-block-count=8"
    "memorysetup-profiler-allocator-block-size=16777216"
    "memorysetup-profiler-editor-allocator-block-size=1048576"
    "memorysetup-temp-allocator-size-main=16777216"
    "memorysetup-job-temp-allocator-block-size=2097152"
    "memorysetup-job-temp-allocator-block-size-background=1048576"
    "memorysetup-job-temp-allocator-reduction-small-platforms=262144"
    "memorysetup-temp-allocator-size-background-worker=32768"
    "memorysetup-temp-allocator-size-job-worker=262144"
    "memorysetup-temp-allocator-size-preload-manager=33554432"
    "memorysetup-temp-allocator-size-nav-mesh-worker=65536"
    "memorysetup-temp-allocator-size-audio-worker=65536"
    "memorysetup-temp-allocator-size-cloud-worker=32768"
    "memorysetup-temp-allocator-size-gi-baking-worker=262144"
    "memorysetup-temp-allocator-size-gfx=262144"
Player connection [3004] Host "[IP] 10.24.221.83 [Port] 0 [Flags] 2 [Guid] 2109159047 [EditorId] 2109159047 [Version] 1048832 [Id] WindowsEditor(7,Gossamer) [Debug] 1 [PackageName] WindowsEditor [ProjectName] Editor" joined multi-casting on [225.0.0.222:54997]...

Player connection [3004] Host "[IP] 10.24.221.83 [Port] 0 [Flags] 2 [Guid] 2109159047 [EditorId] 2109159047 [Version] 1048832 [Id] WindowsEditor(7,Gossamer) [Debug] 1 [PackageName] WindowsEditor [ProjectName] Editor" joined alternative multi-casting on [225.0.0.222:34997]...

Refreshing native plugins compatible for Editor in 5.74 ms, found 6 plugins.
Preloading 0 native plugins for Editor in 0.00 ms.
Initialize engine version: 2022.2.14f1 (b2c9b1ac6cc0)
[Subsystems] Discovering subsystems at path C:/Program Files/Unity/Hub/Editor/2022.2.14f1/Editor/Data/Resources/UnitySubsystems
[Subsystems] Discovering subsystems at path C:/Users/ktnelson/Desktop/BuildingComplexity/BuildingComplexity3D/Assets
GfxDevice: creating device client; threaded=0; jobified=0
Direct3D:
    Version:  Direct3D 11.0 [level 11.1]
    Renderer: NVIDIA GeForce RTX 3080 (ID=0x2216)
    Vendor:   NVIDIA
    VRAM:     10078 MB
    Driver:   31.0.15.1694
Initialize mono
Mono path[0] = 'C:/Program Files/Unity/Hub/Editor/2022.2.14f1/Editor/Data/Managed'
Mono path[1] = 'C:/Program Files/Unity/Hub/Editor/2022.2.14f1/Editor/Data/MonoBleedingEdge/lib/mono/unityjit-win32'
Mono config path = 'C:/Program Files/Unity/Hub/Editor/2022.2.14f1/Editor/Data/MonoBleedingEdge/etc'
Using monoOptions --debugger-agent=transport=dt_socket,embedding=1,server=y,suspend=n,address=127.0.0.1:56412
Begin MonoManager ReloadAssembly
Registering precompiled unity dll's ...
Register platform support module: C:/Program Files/Unity/Hub/Editor/2022.2.14f1/Editor/Data/PlaybackEngines/WindowsStandaloneSupport/UnityEditor.WindowsStandalone.Extensions.dll
Registered in 0.002906 seconds.
- Loaded All Assemblies, in  0.181 seconds
Native extension for WindowsStandalone target not found
Mono: successfully reloaded assembly
- Finished resetting the current domain, in  0.152 seconds
Domain Reload Profiling:
	ReloadAssembly (108ms)
		BeginReloadAssembly (50ms)
			ExecutionOrderSort (0ms)
			DisableScriptedObjects (0ms)
			BackupInstance (0ms)
			ReleaseScriptingObjects (0ms)
			CreateAndSetChildDomain (0ms)
		LoadAllAssembliesAndSetupDomain (0ms)
			LoadAssemblies (49ms)
			RebuildTransferFunctionScriptingTraits (0ms)
			SetupTypeCache (70ms)
				TypeCache.Initialize (69ms)
					TypeCache.ScanAssembly (68ms)
				ResolveRequiredComponents (0ms)
		FinalizeReload (0ms)
			ReleaseScriptCaches (0ms)
			RebuildScriptCaches (0ms)
			SetupLoadedEditorAssemblies (118ms)
				LogAssemblyErrors (0ms)
				InitializePlatformSupportModulesInManaged (5ms)
				SetLoadedEditorAssemblies (5ms)
				RefreshPlugins (0ms)
				BeforeProcessingInitializeOnLoad (1ms)
				ProcessInitializeOnLoadAttributes (80ms)
				ProcessInitializeOnLoadMethodAttributes (28ms)
				AfterProcessingInitializeOnLoad (0ms)
				EditorAssembliesLoaded (0ms)
			ExecutionOrderSort2 (0ms)
			AwakeInstancesAfterBackupRestoration (0ms)
========================================================================
Worker process is ready to serve import requests
Begin MonoManager ReloadAssembly
Symbol file LoadedFromMemory doesn't match image C:\Users\ktnelson\Desktop\BuildingComplexity\BuildingComplexity3D\Library\PackageCache\com.unity.visualscripting@1.8.0\Editor\VisualScripting.Core\Dependencies\YamlDotNet\Unity.VisualScripting.YamlDotNet.dll
Symbol file LoadedFromMemory doesn't match image C:\Users\ktnelson\Desktop\BuildingComplexity\BuildingComplexity3D\Library\PackageCache\com.unity.visualscripting@1.8.0\Editor\VisualScripting.Core\Dependencies\DotNetZip\Unity.VisualScripting.IonicZip.dll
- Loaded All Assemblies, in  0.437 seconds
Refreshing native plugins compatible for Editor in 1.82 ms, found 6 plugins.
Native extension for WindowsStandalone target not found
Mono: successfully reloaded assembly
- Finished resetting the current domain, in  0.289 seconds
Domain Reload Profiling:
	ReloadAssembly (137ms)
		BeginReloadAssembly (77ms)
			ExecutionOrderSort (0ms)
			DisableScriptedObjects (3ms)
			BackupInstance (0ms)
			ReleaseScriptingObjects (0ms)
			CreateAndSetChildDomain (13ms)
		LoadAllAssembliesAndSetupDomain (299ms)
			LoadAssemblies (161ms)
			RebuildTransferFunctionScriptingTraits (0ms)
			SetupTypeCache (176ms)
				TypeCache.Initialize (164ms)
					TypeCache.ScanAssembly (161ms)
				ResolveRequiredComponents (2ms)
		FinalizeReload (0ms)
			ReleaseScriptCaches (0ms)
			RebuildScriptCaches (0ms)
			SetupLoadedEditorAssemblies (203ms)
				LogAssemblyErrors (0ms)
				InitializePlatformSupportModulesInManaged (3ms)
				SetLoadedEditorAssemblies (3ms)
				RefreshPlugins (0ms)
				BeforeProcessingInitializeOnLoad (33ms)
				ProcessInitializeOnLoadAttributes (150ms)
				ProcessInitializeOnLoadMethodAttributes (11ms)
				AfterProcessingInitializeOnLoad (3ms)
				EditorAssembliesLoaded (0ms)
			ExecutionOrderSort2 (0ms)
			AwakeInstancesAfterBackupRestoration (4ms)
Launched and connected shader compiler UnityShaderCompiler.exe after 0.02 seconds
Refreshing native plugins compatible for Editor in 1.87 ms, found 6 plugins.
Preloading 0 native plugins for Editor in 0.00 ms.
Unloading 3277 Unused Serialized files (Serialized files now loaded: 0)
Unloading 37 unused Assets / (69.3 KB). Loaded Objects now: 3736.
Memory consumption went from 114.8 MB to 114.7 MB.
Total: 2.135200 ms (FindLiveObjects: 0.188400 ms CreateObjectMapping: 0.080300 ms MarkObjects: 1.779300 ms  DeleteObjects: 0.086300 ms)

AssetImportParameters requested are different than current active one (requested -> active):
  custom:container-demuxer-ogg: 62fdf1f143b41e24485cea50d1cbac27 -> 
  custom:video-codec-MediaFoundation-h265: 746d11721c4dcdbdad8f713fa42b33f4 -> 
  custom:video-decoder-ogg-theora: a1e56fd34408186e4bbccfd4996cb3dc -> 
  custom:framework-win-MediaFoundation: 216162199b28c13a410421893ffa2e32 -> 
  custom:container-demuxer-webm: 4f35f7cbe854078d1ac9338744f61a02 -> 
  custom:container-muxer-webm: aa71ff27fc2769a1b78a27578f13a17b -> 
  custom:video-decoder-webm-vp8: 9c59270c3fd7afecdb556c50c9e8de78 -> 
  custom:AudioImporter_EditorPlatform: d09bf68614088b80899f8185d706f6e7 -> 
  custom:video-encoder-webm-vp8: eb34c28f22e8b96e1ab97ce403110664 -> 
  custom:audio-decoder-ogg-vorbis: bf7c407c2cedff20999df2af8eb42d56 -> 
  custom:audio-encoder-webm-vorbis: bf7c407c2cedff20999df2af8eb42d56 -> 
========================================================================
Received Import Request.
  Time since last request: 213205.379145 seconds.
  path: Assets/Objects/Legos/3D/Rooms/8 x 6 Room Door Bottom Right.prefab
  artifactKey: Guid(b50fad1c8acca1c4ea0e0803848c021d) Importer(815301076,1909f56bfc062723c751e8b465ee728b)
Start importing Assets/Objects/Legos/3D/Rooms/8 x 6 Room Door Bottom Right.prefab using Guid(b50fad1c8acca1c4ea0e0803848c021d) Importer(815301076,1909f56bfc062723c751e8b465ee728b)  -> (artifact id: '6fbbee36ce4642df5c251f80f14c7864') in 0.074465 seconds
Number of updated asset objects reloaded before import = 0
Number of asset objects unloaded after import = 508
========================================================================
Received Import Request.
  Time since last request: 223.744191 seconds.
  path: Assets/Objects/Legos/3D/Modules/Ex. Hallways
  artifactKey: Guid(0d121cd0e88e24e7babeee60dc9375b9) Importer(815301076,1909f56bfc062723c751e8b465ee728b)
Start importing Assets/Objects/Legos/3D/Modules/Ex. Hallways using Guid(0d121cd0e88e24e7babeee60dc9375b9) Importer(815301076,1909f56bfc062723c751e8b465ee728b)  -> (artifact id: '671f53f8b79b1480aab311a53c92b81c') in 0.000515 seconds
Number of updated asset objects reloaded before import = 0
Number of asset objects unloaded after import = 0
========================================================================
Received Import Request.
  Time since last request: 0.057614 seconds.
  path: Assets/Objects/Legos/3D/Modules/Ex. Hallways/6x3 Hallway Horiz Door Both.prefab
  artifactKey: Guid(1d4e19336c0cb4a4d8d2d0cdab25c474) Importer(815301076,1909f56bfc062723c751e8b465ee728b)
Start importing Assets/Objects/Legos/3D/Modules/Ex. Hallways/6x3 Hallway Horiz Door Both.prefab using Guid(1d4e19336c0cb4a4d8d2d0cdab25c474) Importer(815301076,1909f56bfc062723c751e8b465ee728b)  -> (artifact id: '2f61d6881e68e68f982a83a9da27711a') in 0.010912 seconds
Number of updated asset objects reloaded before import = 0
Number of asset objects unloaded after import = 187
========================================================================
Received Import Request.
  Time since last request: 0.000011 seconds.
  path: Assets/Objects/Legos/3D/Modules/Ex. Hallways/6x3 Hallway Vert Door Left.prefab
  artifactKey: Guid(9ecc0b9546dd243359c5c699e5f43a05) Importer(815301076,1909f56bfc062723c751e8b465ee728b)
Start importing Assets/Objects/Legos/3D/Modules/Ex. Hallways/6x3 Hallway Vert Door Left.prefab using Guid(9ecc0b9546dd243359c5c699e5f43a05) Importer(815301076,1909f56bfc062723c751e8b465ee728b)  -> (artifact id: '01fb0da3eb25e916096257e2e779f89b') in 0.022503 seconds
Number of updated asset objects reloaded before import = 0
Number of asset objects unloaded after import = 213
========================================================================
Received Import Request.
  Time since last request: 0.000015 seconds.
  path: Assets/Objects/Legos/3D/Modules/Ex. Hallways/9x3 Hallway Vert.prefab
  artifactKey: Guid(0588a8fafb4a94684862f16ff896c776) Importer(815301076,1909f56bfc062723c751e8b465ee728b)
Start importing Assets/Objects/Legos/3D/Modules/Ex. Hallways/9x3 Hallway Vert.prefab using Guid(0588a8fafb4a94684862f16ff896c776) Importer(815301076,1909f56bfc062723c751e8b465ee728b)  -> (artifact id: '57ddf357c1b9529ba3fe041f668080da') in 0.017105 seconds
Number of updated asset objects reloaded before import = 0
Number of asset objects unloaded after import = 130
========================================================================
Received Import Request.
  Time since last request: 162.718236 seconds.
  path: Assets/Scenes/PrinceAndrewHigh.unity
  artifactKey: Guid(0d0477c65ba654d3d82deaecc486ab5d) Importer(815301076,1909f56bfc062723c751e8b465ee728b)
Start importing Assets/Scenes/PrinceAndrewHigh.unity using Guid(0d0477c65ba654d3d82deaecc486ab5d) Importer(815301076,1909f56bfc062723c751e8b465ee728b)  -> (artifact id: 'b01453a21d7ee56f47de2b9d0b103248') in 0.000624 seconds
Number of updated asset objects reloaded before import = 0
Number of asset objects unloaded after import = 0
========================================================================
Received Import Request.
  Time since last request: 89.740918 seconds.
  path: Assets/Scenes/DoorlessFloorplan.unity
  artifactKey: Guid(6046ff292d4824f31bea204801e97e6d) Importer(815301076,1909f56bfc062723c751e8b465ee728b)
Start importing Assets/Scenes/DoorlessFloorplan.unity using Guid(6046ff292d4824f31bea204801e97e6d) Importer(815301076,1909f56bfc062723c751e8b465ee728b)  -> (artifact id: '318cfc6b6fcfffcab7bb988282f662b2') in 0.000462 seconds
Number of updated asset objects reloaded before import = 0
Number of asset objects unloaded after import = 0
========================================================================
Received Import Request.
  Time since last request: 26.860278 seconds.
  path: Assets/Scenes/Durham.unity
  artifactKey: Guid(ae3ed9f422ff30c4c83b224ff5af0c8c) Importer(815301076,1909f56bfc062723c751e8b465ee728b)
Start importing Assets/Scenes/Durham.unity using Guid(ae3ed9f422ff30c4c83b224ff5af0c8c) Importer(815301076,1909f56bfc062723c751e8b465ee728b)  -> (artifact id: '1be7b71a69c033431560abcfed42de54') in 0.000407 seconds
Number of updated asset objects reloaded before import = 0
Number of asset objects unloaded after import = 0
========================================================================
Received Import Request.
  Time since last request: 44.476112 seconds.
  path: Assets/Floorplans/prince_andrew_high.jpeg
  artifactKey: Guid(4172c1506e0cc4b9aae51f6bfd97cbd6) Importer(815301076,1909f56bfc062723c751e8b465ee728b)
Start importing Assets/Floorplans/prince_andrew_high.jpeg using Guid(4172c1506e0cc4b9aae51f6bfd97cbd6) Importer(815301076,1909f56bfc062723c751e8b465ee728b)  -> (artifact id: '1905d33b4c50402963a644c0882e4ac1') in 0.067081 seconds
Number of updated asset objects reloaded before import = 0
Number of asset objects unloaded after import = 3
========================================================================
Received Import Request.
  Time since last request: 1.030329 seconds.
  path: Assets/Floorplans/Durham/Plat_Basement.jpg
  artifactKey: Guid(107d1978d80655e4c8ad32d273f292b4) Importer(815301076,1909f56bfc062723c751e8b465ee728b)
Start importing Assets/Floorplans/Durham/Plat_Basement.jpg using Guid(107d1978d80655e4c8ad32d273f292b4) Importer(815301076,1909f56bfc062723c751e8b465ee728b)  -> (artifact id: '24ef89319eab8e8325d381c76ac157ac') in 0.043809 seconds
Number of updated asset objects reloaded before import = 0
Number of asset objects unloaded after import = 3
========================================================================
Received Import Request.
  Time since last request: 0.000011 seconds.
  path: Assets/Floorplans/Durham/Plat_SubBasement.jpg
  artifactKey: Guid(36512eceff8669f409f6063075286255) Importer(815301076,1909f56bfc062723c751e8b465ee728b)
Start importing Assets/Floorplans/Durham/Plat_SubBasement.jpg using Guid(36512eceff8669f409f6063075286255) Importer(815301076,1909f56bfc062723c751e8b465ee728b)  -> (artifact id: 'fa54f18027e0615fdcc3bd07727f6501') in 0.022719 seconds
Number of updated asset objects reloaded before import = 0
Number of asset objects unloaded after import = 3
========================================================================
Received Import Request.
  Time since last request: 36.581836 seconds.
  path: Assets/Scenes/Stair3DFloorplan.unity
  artifactKey: Guid(4a1a75b5bb9e04bf5a3e1275379f5f73) Importer(815301076,1909f56bfc062723c751e8b465ee728b)
Start importing Assets/Scenes/Stair3DFloorplan.unity using Guid(4a1a75b5bb9e04bf5a3e1275379f5f73) Importer(815301076,1909f56bfc062723c751e8b465ee728b)  -> (artifact id: '91c70a9f3ca298f73fb2191a260f2e16') in 0.000503 seconds
Number of updated asset objects reloaded before import = 0
Number of asset objects unloaded after import = 0
