Unity Editor version:    2022.2.14f1 (b2c9b1ac6cc0)
Branch:                  2022.2/staging
Build type:              Release
Batch mode:              YES
macOS version:           Version 13.1 (Build 22C65)
Darwin version:          22.2.0
Architecture:            x86_64
Running under Rosetta:   NO
Available memory:        32768 MB
Using pre-set license
Pro License: YES

COMMAND LINE ARGUMENTS:
/Applications/Unity/Hub/Editor/2022.2.14f1/Unity.app/Contents/MacOS/Unity
-adb2
-batchMode
-noUpm
-name
AssetImportWorker17
-projectPath
/Users/noahhall/Work/Repos/BuildingComplexity/BuildingComplexity3D
-logFile
Logs/AssetImportWorker17.log
-srvPort
62495
Successfully changed project path to: /Users/noahhall/Work/Repos/BuildingComplexity/BuildingComplexity3D
/Users/noahhall/Work/Repos/BuildingComplexity/BuildingComplexity3D
[UnityMemory] Configuration Parameters - Can be set up in boot.config
    "memorysetup-bucket-allocator-granularity=16"
    "memorysetup-bucket-allocator-bucket-count=8"
    "memorysetup-bucket-allocator-block-size=33554432"
    "memorysetup-bucket-allocator-block-count=8"
    "memorysetup-main-allocator-block-size=16777216"
    "memorysetup-thread-allocator-block-size=16777216"
    "memorysetup-gfx-main-allocator-block-size=16777216"
    "memorysetup-gfx-thread-allocator-block-size=16777216"
    "memorysetup-cache-allocator-block-size=4194304"
    "memorysetup-typetree-allocator-block-size=2097152"
    "memorysetup-profiler-bucket-allocator-granularity=16"
    "memorysetup-profiler-bucket-allocator-bucket-count=8"
    "memorysetup-profiler-bucket-allocator-block-size=33554432"
    "memorysetup-profiler-bucket-allocator-block-count=8"
    "memorysetup-profiler-allocator-block-size=16777216"
    "memorysetup-profiler-editor-allocator-block-size=1048576"
    "memorysetup-temp-allocator-size-main=16777216"
    "memorysetup-job-temp-allocator-block-size=2097152"
    "memorysetup-job-temp-allocator-block-size-background=1048576"
    "memorysetup-job-temp-allocator-reduction-small-platforms=262144"
    "memorysetup-temp-allocator-size-background-worker=32768"
    "memorysetup-temp-allocator-size-job-worker=262144"
    "memorysetup-temp-allocator-size-preload-manager=33554432"
    "memorysetup-temp-allocator-size-nav-mesh-worker=65536"
    "memorysetup-temp-allocator-size-audio-worker=65536"
    "memorysetup-temp-allocator-size-cloud-worker=32768"
    "memorysetup-temp-allocator-size-gi-baking-worker=262144"
    "memorysetup-temp-allocator-size-gfx=262144"
Player connection [140704452929728] Host "[IP] 192.168.86.28 [Port] 0 [Flags] 2 [Guid] 1782216985 [EditorId] 1782216985 [Version] 1048832 [Id] OSXEditor(0,macofthniverse7.lan) [Debug] 1 [PackageName] OSXEditor [ProjectName] Editor" joined multi-casting on [225.0.0.222:54997]...

Player connection [140704452929728] Host "[IP] 192.168.86.28 [Port] 0 [Flags] 2 [Guid] 1782216985 [EditorId] 1782216985 [Version] 1048832 [Id] OSXEditor(0,macofthniverse7.lan) [Debug] 1 [PackageName] OSXEditor [ProjectName] Editor" joined alternative multi-casting on [225.0.0.222:34997]...

Refreshing native plugins compatible for Editor in 29.07 ms, found 2 plugins.
Preloading 0 native plugins for Editor in 0.00 ms.
Initialize engine version: 2022.2.14f1 (b2c9b1ac6cc0)
[Subsystems] Discovering subsystems at path /Applications/Unity/Hub/Editor/2022.2.14f1/Unity.app/Contents/Resources/UnitySubsystems
[Subsystems] Discovering subsystems at path /Users/noahhall/Work/Repos/BuildingComplexity/BuildingComplexity3D/Assets
GfxDevice: creating device client; threaded=0; jobified=0
Color LCD preferred device: AMD Radeon Pro 5500M (high power)
Metal devices available: 2
0: AMD Radeon Pro 5500M (high power)
1: Intel(R) UHD Graphics 630 (low power)
Using device AMD Radeon Pro 5500M (high power)
Initializing Metal device caps: AMD Radeon Pro 5500M
Initialize mono
Mono path[0] = '/Applications/Unity/Hub/Editor/2022.2.14f1/Unity.app/Contents/Managed'
Mono path[1] = '/Applications/Unity/Hub/Editor/2022.2.14f1/Unity.app/Contents/MonoBleedingEdge/lib/mono/unityjit-macos'
Mono config path = '/Applications/Unity/Hub/Editor/2022.2.14f1/Unity.app/Contents/MonoBleedingEdge/etc'
Using monoOptions --debugger-agent=transport=dt_socket,embedding=1,server=y,suspend=n,address=127.0.0.1:56349
Begin MonoManager ReloadAssembly
Registering precompiled unity dll's ...
Register platform support module: /Applications/Unity/Hub/Editor/2022.2.14f1/PlaybackEngines/WebGLSupport/UnityEditor.WebGL.Extensions.dll
Register platform support module: /Applications/Unity/Hub/Editor/2022.2.14f1/Unity.app/Contents/PlaybackEngines/MacStandaloneSupport/UnityEditor.OSXStandalone.Extensions.dll
Register platform support module: /Applications/Unity/Hub/Editor/2022.2.14f1/PlaybackEngines/AndroidPlayer/UnityEditor.Android.Extensions.dll
Register platform support module: /Applications/Unity/Hub/Editor/2022.2.14f1/PlaybackEngines/iOSSupport/UnityEditor.iOS.Extensions.dll
Register platform support module: /Applications/Unity/Hub/Editor/2022.2.14f1/PlaybackEngines/WindowsStandaloneSupport/UnityEditor.WindowsStandalone.Extensions.dll
Registered in 0.012603 seconds.
- Loaded All Assemblies, in  0.700 seconds
Native extension for WindowsStandalone target not found
[usbmuxd] Start listen thread
[usbmuxd] Listen thread started
[usbmuxd] Send listen message
Native extension for iOS target not found
Native extension for Android target not found
Android Extension - Scanning For ADB Devices 193 ms
Native extension for OSXStandalone target not found
Native extension for WebGL target not found
Mono: successfully reloaded assembly
- Finished resetting the current domain, in  0.888 seconds
Domain Reload Profiling:
	ReloadAssembly (409ms)
		BeginReloadAssembly (189ms)
			ExecutionOrderSort (0ms)
			DisableScriptedObjects (0ms)
			BackupInstance (0ms)
			ReleaseScriptingObjects (0ms)
			CreateAndSetChildDomain (1ms)
		LoadAllAssembliesAndSetupDomain (0ms)
			LoadAssemblies (192ms)
			RebuildTransferFunctionScriptingTraits (0ms)
			SetupTypeCache (282ms)
				TypeCache.Initialize (281ms)
					TypeCache.ScanAssembly (279ms)
				ResolveRequiredComponents (1ms)
		FinalizeReload (0ms)
			ReleaseScriptCaches (0ms)
			RebuildScriptCaches (0ms)
			SetupLoadedEditorAssemblies (781ms)
				LogAssemblyErrors (0ms)
				InitializePlatformSupportModulesInManaged (509ms)
				SetLoadedEditorAssemblies (8ms)
				RefreshPlugins (0ms)
				BeforeProcessingInitializeOnLoad (2ms)
				ProcessInitializeOnLoadAttributes (184ms)
				ProcessInitializeOnLoadMethodAttributes (77ms)
				AfterProcessingInitializeOnLoad (0ms)
				EditorAssembliesLoaded (0ms)
			ExecutionOrderSort2 (0ms)
			AwakeInstancesAfterBackupRestoration (0ms)
========================================================================
Worker process is ready to serve import requests
Begin MonoManager ReloadAssembly
Symbol file LoadedFromMemory doesn't match image /Users/noahhall/Work/Repos/BuildingComplexity/BuildingComplexity3D/Library/PackageCache/com.unity.visualscripting@1.8.0/Editor/VisualScripting.Core/Dependencies/YamlDotNet/Unity.VisualScripting.YamlDotNet.dll
Symbol file LoadedFromMemory doesn't match image /Users/noahhall/Work/Repos/BuildingComplexity/BuildingComplexity3D/Library/PackageCache/com.unity.visualscripting@1.8.0/Editor/VisualScripting.Core/Dependencies/DotNetZip/Unity.VisualScripting.IonicZip.dll
- Loaded All Assemblies, in  1.321 seconds
Refreshing native plugins compatible for Editor in 1.66 ms, found 2 plugins.
Native extension for WindowsStandalone target not found
Native extension for iOS target not found
Native extension for Android target not found
Native extension for OSXStandalone target not found
Native extension for WebGL target not found
Mono: successfully reloaded assembly
- Finished resetting the current domain, in  1.171 seconds
Domain Reload Profiling:
	ReloadAssembly (344ms)
		BeginReloadAssembly (194ms)
			ExecutionOrderSort (0ms)
			DisableScriptedObjects (9ms)
			BackupInstance (0ms)
			ReleaseScriptingObjects (0ms)
			CreateAndSetChildDomain (46ms)
		LoadAllAssembliesAndSetupDomain (976ms)
			LoadAssemblies (483ms)
			RebuildTransferFunctionScriptingTraits (0ms)
			SetupTypeCache (581ms)
				TypeCache.Initialize (550ms)
					TypeCache.ScanAssembly (544ms)
				ResolveRequiredComponents (7ms)
		FinalizeReload (0ms)
			ReleaseScriptCaches (0ms)
			RebuildScriptCaches (0ms)
			SetupLoadedEditorAssemblies (884ms)
				LogAssemblyErrors (0ms)
				InitializePlatformSupportModulesInManaged (56ms)
				SetLoadedEditorAssemblies (6ms)
				RefreshPlugins (0ms)
				BeforeProcessingInitializeOnLoad (82ms)
				ProcessInitializeOnLoadAttributes (707ms)
				ProcessInitializeOnLoadMethodAttributes (31ms)
				AfterProcessingInitializeOnLoad (2ms)
				EditorAssembliesLoaded (0ms)
			ExecutionOrderSort2 (0ms)
			AwakeInstancesAfterBackupRestoration (6ms)
Launching external process: /Applications/Unity/Hub/Editor/2022.2.14f1/Unity.app/Contents/Tools/UnityShaderCompiler
Launched and connected shader compiler UnityShaderCompiler after 0.16 seconds
Refreshing native plugins compatible for Editor in 1.86 ms, found 2 plugins.
Preloading 0 native plugins for Editor in 0.00 ms.
Unloading 3108 Unused Serialized files (Serialized files now loaded: 0)
Unloading 31 unused Assets / (50.8 KB). Loaded Objects now: 3574.
Memory consumption went from 116.4 MB to 116.4 MB.
Total: 7.474951 ms (FindLiveObjects: 0.433469 ms CreateObjectMapping: 0.320068 ms MarkObjects: 6.542285 ms  DeleteObjects: 0.177355 ms)

AssetImportParameters requested are different than current active one (requested -> active):
  custom:scripting/monoscript/fileName/NodeScript.cs: d4a63d62569edb5089dafe4d2310d556 -> 
  custom:container-demuxer-ogg: 62fdf1f143b41e24485cea50d1cbac27 -> 
  custom:video-decoder-ogg-theora: a1e56fd34408186e4bbccfd4996cb3dc -> 
  custom:scripting/monoscript/fileName/DoorScript.cs: 143c97188c85f752847111767840bcf1 -> 
  custom:scripting/monoscript/fileName/ResultScript.cs: 0266e71f1313a822e8963cf3754cd759 -> 
  custom:container-demuxer-webm: 4f35f7cbe854078d1ac9338744f61a02 -> 
  custom:container-muxer-webm: aa71ff27fc2769a1b78a27578f13a17b -> 
  custom:video-decoder-webm-vp8: 9c59270c3fd7afecdb556c50c9e8de78 -> 
  custom:AudioImporter_EditorPlatform: 3918e3fc78b5a79bad01e8451be0beb8 -> 
  custom:framework-osx-AVFoundation: e770b220cccbd017edd2c1fefb359320 -> 
  custom:video-encoder-webm-vp8: eb34c28f22e8b96e1ab97ce403110664 -> 
  custom:audio-decoder-ogg-vorbis: bf7c407c2cedff20999df2af8eb42d56 -> 
  custom:scripting/monoscript/fileName/NavMeshUpdater.cs: fe81a4b279067129accbf3f640becb59 -> 
  custom:audio-encoder-webm-vorbis: bf7c407c2cedff20999df2af8eb42d56 -> 
========================================================================
Received Import Request.
  Time since last request: 329601.860973 seconds.
  path: Assets/Legos/3D/Modules/3x3/Corner Bottom Right.prefab
  artifactKey: Guid(4d2c1572a11cf456d85913b9c2a0793e) Importer(815301076,1909f56bfc062723c751e8b465ee728b)
Start importing Assets/Legos/3D/Modules/3x3/Corner Bottom Right.prefab using Guid(4d2c1572a11cf456d85913b9c2a0793e) Importer(815301076,1909f56bfc062723c751e8b465ee728b)  -> (artifact id: '61e7a8cace578384f8fe06ae77b731ac') in 0.009815 seconds
Number of updated asset objects reloaded before import = 0
Number of asset objects unloaded after import = 1
========================================================================
Received Import Request.
  Time since last request: 0.000102 seconds.
  path: Assets/Legos/3D/Modules/3x3/Corner Top Right.prefab
  artifactKey: Guid(6a5d75ba88ae54a83b177228767baf41) Importer(815301076,1909f56bfc062723c751e8b465ee728b)
Start importing Assets/Legos/3D/Modules/3x3/Corner Top Right.prefab using Guid(6a5d75ba88ae54a83b177228767baf41) Importer(815301076,1909f56bfc062723c751e8b465ee728b)  -> (artifact id: '907b95832fe736ed0951d3fb986af29c') in 0.000737 seconds
Number of updated asset objects reloaded before import = 0
Number of asset objects unloaded after import = 1
========================================================================
Received Import Request.
  Time since last request: 4.783502 seconds.
  path: Assets/Legos/3D/Modules/3x3/Corner Top Left.prefab
  artifactKey: Guid(5fd83222563dd4102bc5c076e70c592d) Importer(815301076,1909f56bfc062723c751e8b465ee728b)
Start importing Assets/Legos/3D/Modules/3x3/Corner Top Left.prefab using Guid(5fd83222563dd4102bc5c076e70c592d) Importer(815301076,1909f56bfc062723c751e8b465ee728b)  -> (artifact id: '13924e1071832a643c13a3757ed87be9') in 0.000800 seconds
Number of updated asset objects reloaded before import = 0
Number of asset objects unloaded after import = 1
========================================================================
Received Import Request.
  Time since last request: 13.468505 seconds.
  path: Assets/Legos/3D/Modules/3x3/Corner Bottom Left.prefab
  artifactKey: Guid(0665cf6a5f9ae4b96b186402cc7471bf) Importer(815301076,1909f56bfc062723c751e8b465ee728b)
Start importing Assets/Legos/3D/Modules/3x3/Corner Bottom Left.prefab using Guid(0665cf6a5f9ae4b96b186402cc7471bf) Importer(815301076,1909f56bfc062723c751e8b465ee728b)  -> (artifact id: '6f18037944eec298ba3cfdddebae7758') in 0.114314 seconds
Number of updated asset objects reloaded before import = 0
Number of asset objects unloaded after import = 78
========================================================================
Received Import Request.
  Time since last request: 62.903964 seconds.
  path: Assets/Legos/3D/Modules/3x3/Corner Top Left Variant.prefab
  artifactKey: Guid(d0253b2fe15164f60b2fe09f0f77c6fc) Importer(815301076,1909f56bfc062723c751e8b465ee728b)
Start importing Assets/Legos/3D/Modules/3x3/Corner Top Left Variant.prefab using Guid(d0253b2fe15164f60b2fe09f0f77c6fc) Importer(815301076,1909f56bfc062723c751e8b465ee728b)  -> (artifact id: 'd12229c7db5e84186ce7c1118f411205') in 0.014829 seconds
Number of updated asset objects reloaded before import = 0
Number of asset objects unloaded after import = 103
========================================================================
Received Import Request.
  Time since last request: 8.284275 seconds.
  path: Assets/Legos/3D/Modules/3x3/Corner Top Left.prefab
  artifactKey: Guid(d0253b2fe15164f60b2fe09f0f77c6fc) Importer(815301076,1909f56bfc062723c751e8b465ee728b)
Start importing Assets/Legos/3D/Modules/3x3/Corner Top Left.prefab using Guid(d0253b2fe15164f60b2fe09f0f77c6fc) Importer(815301076,1909f56bfc062723c751e8b465ee728b)  -> (artifact id: '31ac85d2629d4efc0b2f9ccf5d0dbfc6') in 0.021576 seconds
Number of updated asset objects reloaded before import = 0
Number of asset objects unloaded after import = 103
========================================================================
Received Import Request.
  Time since last request: 23.971560 seconds.
  path: Assets/Legos/3D/Modules/3x3/Corner Top Right Variant.prefab
  artifactKey: Guid(0bb20045d1e9a409ea2792815ac17b02) Importer(815301076,1909f56bfc062723c751e8b465ee728b)
Start importing Assets/Legos/3D/Modules/3x3/Corner Top Right Variant.prefab using Guid(0bb20045d1e9a409ea2792815ac17b02) Importer(815301076,1909f56bfc062723c751e8b465ee728b)  -> (artifact id: '479060d4dec877664146ab3096da4540') in 0.014878 seconds
Number of updated asset objects reloaded before import = 0
Number of asset objects unloaded after import = 127
========================================================================
Received Import Request.
  Time since last request: 6.580417 seconds.
  path: Assets/Legos/3D/Modules/3x3/Corner Top Right.prefab
  artifactKey: Guid(0bb20045d1e9a409ea2792815ac17b02) Importer(815301076,1909f56bfc062723c751e8b465ee728b)
Start importing Assets/Legos/3D/Modules/3x3/Corner Top Right.prefab using Guid(0bb20045d1e9a409ea2792815ac17b02) Importer(815301076,1909f56bfc062723c751e8b465ee728b)  -> (artifact id: '42df3f06395b388ed1a95c29b8e664d6') in 0.027657 seconds
Number of updated asset objects reloaded before import = 0
Number of asset objects unloaded after import = 127
========================================================================
Received Import Request.
  Time since last request: 24.110661 seconds.
  path: Assets/Legos/3D/Modules/3x3/Corner Bottom Right Variant.prefab
  artifactKey: Guid(3bf006f11f1ac4a63a0ab8adb58be1c0) Importer(815301076,1909f56bfc062723c751e8b465ee728b)
Start importing Assets/Legos/3D/Modules/3x3/Corner Bottom Right Variant.prefab using Guid(3bf006f11f1ac4a63a0ab8adb58be1c0) Importer(815301076,1909f56bfc062723c751e8b465ee728b)  -> (artifact id: '51e7eeb307c50d30fd4f4b7ecfa3b934') in 0.016222 seconds
Number of updated asset objects reloaded before import = 0
Number of asset objects unloaded after import = 151
========================================================================
Received Import Request.
  Time since last request: 6.109041 seconds.
  path: Assets/Legos/3D/Modules/3x3/Corner Bottom Right.prefab
  artifactKey: Guid(3bf006f11f1ac4a63a0ab8adb58be1c0) Importer(815301076,1909f56bfc062723c751e8b465ee728b)
Start importing Assets/Legos/3D/Modules/3x3/Corner Bottom Right.prefab using Guid(3bf006f11f1ac4a63a0ab8adb58be1c0) Importer(815301076,1909f56bfc062723c751e8b465ee728b)  -> (artifact id: '62c139ee78a91c81f3acac9060489737') in 0.027473 seconds
Number of updated asset objects reloaded before import = 0
Number of asset objects unloaded after import = 151
========================================================================
Received Import Request.
  Time since last request: 58.635283 seconds.
  path: Assets/Legos/3D/Modules/3x3/Corner Bottom Left.prefab
  artifactKey: Guid(0665cf6a5f9ae4b96b186402cc7471bf) Importer(815301076,1909f56bfc062723c751e8b465ee728b)
Start importing Assets/Legos/3D/Modules/3x3/Corner Bottom Left.prefab using Guid(0665cf6a5f9ae4b96b186402cc7471bf) Importer(815301076,1909f56bfc062723c751e8b465ee728b)  -> (artifact id: 'e9903c741ac127a070b0ec77a1c6cc9a') in 0.022598 seconds
Number of updated asset objects reloaded before import = 0
Number of asset objects unloaded after import = 78
========================================================================
Received Import Request.
  Time since last request: 0.000054 seconds.
  path: Assets/Legos/3D/Modules/3x3/Corner Top Right.prefab
  artifactKey: Guid(0bb20045d1e9a409ea2792815ac17b02) Importer(815301076,1909f56bfc062723c751e8b465ee728b)
Start importing Assets/Legos/3D/Modules/3x3/Corner Top Right.prefab using Guid(0bb20045d1e9a409ea2792815ac17b02) Importer(815301076,1909f56bfc062723c751e8b465ee728b)  -> (artifact id: '2d661c318cf226ae264e826365315fcb') in 0.010623 seconds
Number of updated asset objects reloaded before import = 0
Number of asset objects unloaded after import = 127
========================================================================
Received Import Request.
  Time since last request: 0.000054 seconds.
  path: Assets/Legos/3D/Modules/3x3/Corner Top Left.prefab
  artifactKey: Guid(d0253b2fe15164f60b2fe09f0f77c6fc) Importer(815301076,1909f56bfc062723c751e8b465ee728b)
Start importing Assets/Legos/3D/Modules/3x3/Corner Top Left.prefab using Guid(d0253b2fe15164f60b2fe09f0f77c6fc) Importer(815301076,1909f56bfc062723c751e8b465ee728b)  -> (artifact id: 'f309590b5bfa0e3d6305be4b84ccbb11') in 0.009742 seconds
Number of updated asset objects reloaded before import = 0
Number of asset objects unloaded after import = 103
========================================================================
Received Import Request.
  Time since last request: 22.664492 seconds.
  path: Assets/Legos/3D/Modules/3x3/Corner Bottom Left.prefab
  artifactKey: Guid(0665cf6a5f9ae4b96b186402cc7471bf) Importer(815301076,1909f56bfc062723c751e8b465ee728b)
Start importing Assets/Legos/3D/Modules/3x3/Corner Bottom Left.prefab using Guid(0665cf6a5f9ae4b96b186402cc7471bf) Importer(815301076,1909f56bfc062723c751e8b465ee728b)  -> (artifact id: '8aaffca0fe56847c8e94e1b69912ef26') in 0.025545 seconds
Number of updated asset objects reloaded before import = 0
Number of asset objects unloaded after import = 78
========================================================================
Received Import Request.
  Time since last request: 0.000064 seconds.
  path: Assets/Legos/3D/Modules/3x3/Corner Top Right.prefab
  artifactKey: Guid(0bb20045d1e9a409ea2792815ac17b02) Importer(815301076,1909f56bfc062723c751e8b465ee728b)
Start importing Assets/Legos/3D/Modules/3x3/Corner Top Right.prefab using Guid(0bb20045d1e9a409ea2792815ac17b02) Importer(815301076,1909f56bfc062723c751e8b465ee728b)  -> (artifact id: 'd0ba75326c18f4f77631a5a6e975094f') in 0.014194 seconds
Number of updated asset objects reloaded before import = 0
Number of asset objects unloaded after import = 127
========================================================================
Received Import Request.
  Time since last request: 75.233909 seconds.
  path: Assets/Legos/3D/Rooms/9x9 Room Door Bottom Left.prefab
  artifactKey: Guid(a0a96052112e44e60bb331fe39013250) Importer(815301076,1909f56bfc062723c751e8b465ee728b)
Start importing Assets/Legos/3D/Rooms/9x9 Room Door Bottom Left.prefab using Guid(a0a96052112e44e60bb331fe39013250) Importer(815301076,1909f56bfc062723c751e8b465ee728b)  -> (artifact id: '8247fec1d0bf4a4bcc518626a8891f89') in 0.026423 seconds
Number of updated asset objects reloaded before import = 0
Number of asset objects unloaded after import = 304
========================================================================
Received Import Request.
  Time since last request: 0.000055 seconds.
  path: Assets/Legos/3D/Rooms/9x9 Room Door Top Right.prefab
  artifactKey: Guid(5c62581ffc67444318f64019441fe59d) Importer(815301076,1909f56bfc062723c751e8b465ee728b)
Start importing Assets/Legos/3D/Rooms/9x9 Room Door Top Right.prefab using Guid(5c62581ffc67444318f64019441fe59d) Importer(815301076,1909f56bfc062723c751e8b465ee728b)  -> (artifact id: 'f2b714c253078882a47054610a09f9bf') in 0.019170 seconds
Number of updated asset objects reloaded before import = 0
Number of asset objects unloaded after import = 431
========================================================================
Received Import Request.
  Time since last request: 187.300906 seconds.
  path: Assets/Legos/3D/Rooms/9x9 Room Door Bottom Left.prefab
  artifactKey: Guid(a0a96052112e44e60bb331fe39013250) Importer(815301076,1909f56bfc062723c751e8b465ee728b)
Start importing Assets/Legos/3D/Rooms/9x9 Room Door Bottom Left.prefab using Guid(a0a96052112e44e60bb331fe39013250) Importer(815301076,1909f56bfc062723c751e8b465ee728b)  -> (artifact id: '3375d08098bf358bca8d06b1e217d5e5') in 0.022239 seconds
Number of updated asset objects reloaded before import = 0
Number of asset objects unloaded after import = 471
========================================================================
Received Import Request.
  Time since last request: 7.178895 seconds.
  path: Assets/Legos/3D/Rooms/9x9 Room Door Bottom Right.prefab
  artifactKey: Guid(1496d87b6d6c648bcade00db51dfbaab) Importer(815301076,1909f56bfc062723c751e8b465ee728b)
Start importing Assets/Legos/3D/Rooms/9x9 Room Door Bottom Right.prefab using Guid(1496d87b6d6c648bcade00db51dfbaab) Importer(815301076,1909f56bfc062723c751e8b465ee728b)  -> (artifact id: 'a7f72fa7d8e445ac26cbff7c172fea20') in 0.028310 seconds
Number of updated asset objects reloaded before import = 0
Number of asset objects unloaded after import = 453
========================================================================
Received Import Request.
  Time since last request: 18.150222 seconds.
  path: Assets/Legos/3D/Rooms/9x9 Room Door Bottom Right.prefab
  artifactKey: Guid(1496d87b6d6c648bcade00db51dfbaab) Importer(815301076,1909f56bfc062723c751e8b465ee728b)
Start importing Assets/Legos/3D/Rooms/9x9 Room Door Bottom Right.prefab using Guid(1496d87b6d6c648bcade00db51dfbaab) Importer(815301076,1909f56bfc062723c751e8b465ee728b)  -> (artifact id: '3c2ea3c31864196761911617ee8e5eac') in 0.033759 seconds
Number of updated asset objects reloaded before import = 0
Number of asset objects unloaded after import = 453
========================================================================
Received Import Request.
  Time since last request: 83.090521 seconds.
  path: Assets/Legos/3D/Rooms/9x9 Room Door Bottom Right.prefab
  artifactKey: Guid(1496d87b6d6c648bcade00db51dfbaab) Importer(815301076,1909f56bfc062723c751e8b465ee728b)
Start importing Assets/Legos/3D/Rooms/9x9 Room Door Bottom Right.prefab using Guid(1496d87b6d6c648bcade00db51dfbaab) Importer(815301076,1909f56bfc062723c751e8b465ee728b)  -> (artifact id: 'fcde77b841f85ca9a2a235fcaab2d799') in 0.022106 seconds
Number of updated asset objects reloaded before import = 0
Number of asset objects unloaded after import = 547
========================================================================
Received Import Request.
  Time since last request: 7.004932 seconds.
  path: Assets/Legos/3D/Rooms/9x9 Room Door Top Left.prefab
  artifactKey: Guid(27268b158106d4caa96cc67d7b2d26cf) Importer(815301076,1909f56bfc062723c751e8b465ee728b)
Start importing Assets/Legos/3D/Rooms/9x9 Room Door Top Left.prefab using Guid(27268b158106d4caa96cc67d7b2d26cf) Importer(815301076,1909f56bfc062723c751e8b465ee728b)  -> (artifact id: 'fca5272c3bf06a86f69d94c0c09a5cc9') in 0.026543 seconds
Number of updated asset objects reloaded before import = 0
Number of asset objects unloaded after import = 384
========================================================================
Received Import Request.
  Time since last request: 2.401425 seconds.
  path: Assets/Legos/3D/Rooms/9x9 Room Door Top Left.prefab
  artifactKey: Guid(27268b158106d4caa96cc67d7b2d26cf) Importer(815301076,1909f56bfc062723c751e8b465ee728b)
Start importing Assets/Legos/3D/Rooms/9x9 Room Door Top Left.prefab using Guid(27268b158106d4caa96cc67d7b2d26cf) Importer(815301076,1909f56bfc062723c751e8b465ee728b)  -> (artifact id: '1e175aab04a3b109e8228074fbf059d3') in 0.024019 seconds
Number of updated asset objects reloaded before import = 0
Number of asset objects unloaded after import = 381
========================================================================
Received Import Request.
  Time since last request: 7.227359 seconds.
  path: Assets/Legos/3D/Rooms/9x9 Room Door Top Left.prefab
  artifactKey: Guid(27268b158106d4caa96cc67d7b2d26cf) Importer(815301076,1909f56bfc062723c751e8b465ee728b)
Start importing Assets/Legos/3D/Rooms/9x9 Room Door Top Left.prefab using Guid(27268b158106d4caa96cc67d7b2d26cf) Importer(815301076,1909f56bfc062723c751e8b465ee728b)  -> (artifact id: 'bcbe747ea0dc067a2000b7ce98216a66') in 0.031510 seconds
Number of updated asset objects reloaded before import = 0
Number of asset objects unloaded after import = 381
========================================================================
Received Import Request.
  Time since last request: 3.401241 seconds.
  path: Assets/Legos/3D/Rooms/9x9 Room Door Top Left.prefab
  artifactKey: Guid(27268b158106d4caa96cc67d7b2d26cf) Importer(815301076,1909f56bfc062723c751e8b465ee728b)
Start importing Assets/Legos/3D/Rooms/9x9 Room Door Top Left.prefab using Guid(27268b158106d4caa96cc67d7b2d26cf) Importer(815301076,1909f56bfc062723c751e8b465ee728b)  -> (artifact id: '13dbff17e6268cdca5bfc496f53492bd') in 0.029322 seconds
Number of updated asset objects reloaded before import = 0
Number of asset objects unloaded after import = 381
========================================================================
Received Import Request.
  Time since last request: 10.285070 seconds.
  path: Assets/Legos/3D/Rooms/9x9 Room Door Top Left.prefab
  artifactKey: Guid(27268b158106d4caa96cc67d7b2d26cf) Importer(815301076,1909f56bfc062723c751e8b465ee728b)
Start importing Assets/Legos/3D/Rooms/9x9 Room Door Top Left.prefab using Guid(27268b158106d4caa96cc67d7b2d26cf) Importer(815301076,1909f56bfc062723c751e8b465ee728b)  -> (artifact id: '808e37d1b16bafb0dda608884973d0ab') in 0.031369 seconds
Number of updated asset objects reloaded before import = 0
Number of asset objects unloaded after import = 381
========================================================================
Received Import Request.
  Time since last request: 63.489854 seconds.
  path: Assets/Legos/3D/Rooms/9x9 Room Door Top Left.prefab
  artifactKey: Guid(27268b158106d4caa96cc67d7b2d26cf) Importer(815301076,1909f56bfc062723c751e8b465ee728b)
Start importing Assets/Legos/3D/Rooms/9x9 Room Door Top Left.prefab using Guid(27268b158106d4caa96cc67d7b2d26cf) Importer(815301076,1909f56bfc062723c751e8b465ee728b)  -> (artifact id: '7ca1bfddcc7d5e2714f662c5a248b508') in 0.027569 seconds
Number of updated asset objects reloaded before import = 0
Number of asset objects unloaded after import = 499
========================================================================
Received Import Request.
  Time since last request: 8.082913 seconds.
  path: Assets/Legos/3D/Rooms/9x9 Room Door Top Right.prefab
  artifactKey: Guid(5c62581ffc67444318f64019441fe59d) Importer(815301076,1909f56bfc062723c751e8b465ee728b)
Start importing Assets/Legos/3D/Rooms/9x9 Room Door Top Right.prefab using Guid(5c62581ffc67444318f64019441fe59d) Importer(815301076,1909f56bfc062723c751e8b465ee728b)  -> (artifact id: 'd2d35f31a84eba1b886a1965cc4f66aa') in 0.025277 seconds
Number of updated asset objects reloaded before import = 0
Number of asset objects unloaded after import = 425
========================================================================
Received Import Request.
  Time since last request: 10.473858 seconds.
  path: Assets/Legos/3D/Rooms/9x9 Room Door Top Right.prefab
  artifactKey: Guid(5c62581ffc67444318f64019441fe59d) Importer(815301076,1909f56bfc062723c751e8b465ee728b)
Start importing Assets/Legos/3D/Rooms/9x9 Room Door Top Right.prefab using Guid(5c62581ffc67444318f64019441fe59d) Importer(815301076,1909f56bfc062723c751e8b465ee728b)  -> (artifact id: '9f41b1029488005c53f840a3a0b33130') in 0.028255 seconds
Number of updated asset objects reloaded before import = 0
Number of asset objects unloaded after import = 425
========================================================================
Received Import Request.
  Time since last request: 4.037010 seconds.
  path: Assets/Legos/3D/Rooms/9x9 Room Door Top Right.prefab
  artifactKey: Guid(5c62581ffc67444318f64019441fe59d) Importer(815301076,1909f56bfc062723c751e8b465ee728b)
Start importing Assets/Legos/3D/Rooms/9x9 Room Door Top Right.prefab using Guid(5c62581ffc67444318f64019441fe59d) Importer(815301076,1909f56bfc062723c751e8b465ee728b)  -> (artifact id: '4521c00155b136283e72170467b75609') in 0.027941 seconds
Number of updated asset objects reloaded before import = 0
Number of asset objects unloaded after import = 425
========================================================================
Received Import Request.
  Time since last request: 113.238431 seconds.
  path: Assets/Legos/3D/Rooms/9x9 Room Door Top Right.prefab
  artifactKey: Guid(5c62581ffc67444318f64019441fe59d) Importer(815301076,1909f56bfc062723c751e8b465ee728b)
Start importing Assets/Legos/3D/Rooms/9x9 Room Door Top Right.prefab using Guid(5c62581ffc67444318f64019441fe59d) Importer(815301076,1909f56bfc062723c751e8b465ee728b)  -> (artifact id: 'cc6cba4da53c271014dafb55a32ca195') in 0.021804 seconds
Number of updated asset objects reloaded before import = 0
Number of asset objects unloaded after import = 543
========================================================================
Received Import Request.
  Time since last request: 43.109310 seconds.
  path: Assets/Legos/3D/Materials/green material.mat
  artifactKey: Guid(0f1a7ddd4e00d4093acb569e4d91acd1) Importer(815301076,1909f56bfc062723c751e8b465ee728b)
Start importing Assets/Legos/3D/Materials/green material.mat using Guid(0f1a7ddd4e00d4093acb569e4d91acd1) Importer(815301076,1909f56bfc062723c751e8b465ee728b)  -> (artifact id: '1f7594d150b6a56e6af3ba4f636786a8') in 0.038144 seconds
Number of updated asset objects reloaded before import = 0
Number of asset objects unloaded after import = 1
========================================================================
Received Prepare
Begin MonoManager ReloadAssembly
Symbol file LoadedFromMemory doesn't match image /Users/noahhall/Work/Repos/BuildingComplexity/BuildingComplexity3D/Library/PackageCache/com.unity.visualscripting@1.8.0/Editor/VisualScripting.Core/Dependencies/YamlDotNet/Unity.VisualScripting.YamlDotNet.dll
Symbol file LoadedFromMemory doesn't match image /Users/noahhall/Work/Repos/BuildingComplexity/BuildingComplexity3D/Library/PackageCache/com.unity.visualscripting@1.8.0/Editor/VisualScripting.Core/Dependencies/DotNetZip/Unity.VisualScripting.IonicZip.dll
- Loaded All Assemblies, in  0.839 seconds
Refreshing native plugins compatible for Editor in 1.31 ms, found 2 plugins.
Native extension for WindowsStandalone target not found
Native extension for iOS target not found
Native extension for Android target not found
Native extension for OSXStandalone target not found
Native extension for WebGL target not found
Mono: successfully reloaded assembly
- Finished resetting the current domain, in  1.400 seconds
Domain Reload Profiling:
	ReloadAssembly (238ms)
		BeginReloadAssembly (153ms)
			ExecutionOrderSort (0ms)
			DisableScriptedObjects (6ms)
			BackupInstance (0ms)
			ReleaseScriptingObjects (0ms)
			CreateAndSetChildDomain (60ms)
		LoadAllAssembliesAndSetupDomain (600ms)
			LoadAssemblies (287ms)
			RebuildTransferFunctionScriptingTraits (0ms)
			SetupTypeCache (368ms)
				TypeCache.Initialize (362ms)
					TypeCache.ScanAssembly (357ms)
				ResolveRequiredComponents (5ms)
		FinalizeReload (0ms)
			ReleaseScriptCaches (0ms)
			RebuildScriptCaches (0ms)
			SetupLoadedEditorAssemblies (585ms)
				LogAssemblyErrors (0ms)
				InitializePlatformSupportModulesInManaged (42ms)
				SetLoadedEditorAssemblies (4ms)
				RefreshPlugins (0ms)
				BeforeProcessingInitializeOnLoad (57ms)
				ProcessInitializeOnLoadAttributes (460ms)
				ProcessInitializeOnLoadMethodAttributes (22ms)
				AfterProcessingInitializeOnLoad (2ms)
				EditorAssembliesLoaded (0ms)
			ExecutionOrderSort2 (0ms)
			AwakeInstancesAfterBackupRestoration (5ms)
Refreshing native plugins compatible for Editor in 1.52 ms, found 2 plugins.
Preloading 0 native plugins for Editor in 0.00 ms.
Unloading 3100 Unused Serialized files (Serialized files now loaded: 0)
Unloading 22 unused Assets / (30.6 KB). Loaded Objects now: 3619.
Memory consumption went from 125.9 MB to 125.9 MB.
Total: 4.299373 ms (FindLiveObjects: 0.307788 ms CreateObjectMapping: 0.258049 ms MarkObjects: 3.685944 ms  DeleteObjects: 0.046437 ms)

Prepare: number of updated asset objects reloaded= 0
AssetImportParameters requested are different than current active one (requested -> active):
  custom:scripting/monoscript/fileName/NodeScript.cs: d4a63d62569edb5089dafe4d2310d556 -> 
  custom:container-demuxer-ogg: 62fdf1f143b41e24485cea50d1cbac27 -> 
  custom:video-decoder-ogg-theora: a1e56fd34408186e4bbccfd4996cb3dc -> 
  custom:scripting/monoscript/fileName/DoorScript.cs: 143c97188c85f752847111767840bcf1 -> 
  custom:scripting/monoscript/fileName/ResultScript.cs: 0266e71f1313a822e8963cf3754cd759 -> 
  custom:container-demuxer-webm: 4f35f7cbe854078d1ac9338744f61a02 -> 
  custom:container-muxer-webm: aa71ff27fc2769a1b78a27578f13a17b -> 
  custom:video-decoder-webm-vp8: 9c59270c3fd7afecdb556c50c9e8de78 -> 
  custom:AudioImporter_EditorPlatform: 3918e3fc78b5a79bad01e8451be0beb8 -> 
  custom:framework-osx-AVFoundation: e770b220cccbd017edd2c1fefb359320 -> 
  custom:video-encoder-webm-vp8: eb34c28f22e8b96e1ab97ce403110664 -> 
  custom:audio-decoder-ogg-vorbis: bf7c407c2cedff20999df2af8eb42d56 -> 
  custom:scripting/monoscript/fileName/NavMeshUpdater.cs: fe81a4b279067129accbf3f640becb59 -> 
  custom:audio-encoder-webm-vorbis: bf7c407c2cedff20999df2af8eb42d56 -> 
========================================================================
Received Prepare
Begin MonoManager ReloadAssembly
Symbol file LoadedFromMemory doesn't match image /Users/noahhall/Work/Repos/BuildingComplexity/BuildingComplexity3D/Library/PackageCache/com.unity.visualscripting@1.8.0/Editor/VisualScripting.Core/Dependencies/YamlDotNet/Unity.VisualScripting.YamlDotNet.dll
Symbol file LoadedFromMemory doesn't match image /Users/noahhall/Work/Repos/BuildingComplexity/BuildingComplexity3D/Library/PackageCache/com.unity.visualscripting@1.8.0/Editor/VisualScripting.Core/Dependencies/DotNetZip/Unity.VisualScripting.IonicZip.dll
- Loaded All Assemblies, in  0.818 seconds
Refreshing native plugins compatible for Editor in 1.27 ms, found 2 plugins.
Native extension for WindowsStandalone target not found
Native extension for iOS target not found
Native extension for Android target not found
Native extension for OSXStandalone target not found
Native extension for WebGL target not found
Mono: successfully reloaded assembly
- Finished resetting the current domain, in  1.418 seconds
Domain Reload Profiling:
	ReloadAssembly (233ms)
		BeginReloadAssembly (151ms)
			ExecutionOrderSort (0ms)
			DisableScriptedObjects (6ms)
			BackupInstance (0ms)
			ReleaseScriptingObjects (0ms)
			CreateAndSetChildDomain (56ms)
		LoadAllAssembliesAndSetupDomain (584ms)
			LoadAssemblies (299ms)
			RebuildTransferFunctionScriptingTraits (0ms)
			SetupTypeCache (343ms)
				TypeCache.Initialize (337ms)
					TypeCache.ScanAssembly (332ms)
				ResolveRequiredComponents (5ms)
		FinalizeReload (0ms)
			ReleaseScriptCaches (0ms)
			RebuildScriptCaches (0ms)
			SetupLoadedEditorAssemblies (640ms)
				LogAssemblyErrors (0ms)
				InitializePlatformSupportModulesInManaged (46ms)
				SetLoadedEditorAssemblies (5ms)
				RefreshPlugins (0ms)
				BeforeProcessingInitializeOnLoad (76ms)
				ProcessInitializeOnLoadAttributes (488ms)
				ProcessInitializeOnLoadMethodAttributes (23ms)
				AfterProcessingInitializeOnLoad (2ms)
				EditorAssembliesLoaded (0ms)
			ExecutionOrderSort2 (0ms)
			AwakeInstancesAfterBackupRestoration (5ms)
Refreshing native plugins compatible for Editor in 1.47 ms, found 2 plugins.
Preloading 0 native plugins for Editor in 0.00 ms.
Unloading 3101 Unused Serialized files (Serialized files now loaded: 0)
Unloading 22 unused Assets / (30.5 KB). Loaded Objects now: 3622.
Memory consumption went from 133.2 MB to 133.2 MB.
Total: 5.697490 ms (FindLiveObjects: 0.284267 ms CreateObjectMapping: 0.187502 ms MarkObjects: 5.176658 ms  DeleteObjects: 0.048035 ms)

Prepare: number of updated asset objects reloaded= 0
AssetImportParameters requested are different than current active one (requested -> active):
  custom:scripting/monoscript/fileName/NodeScript.cs: d4a63d62569edb5089dafe4d2310d556 -> 
  custom:container-demuxer-ogg: 62fdf1f143b41e24485cea50d1cbac27 -> 
  custom:video-decoder-ogg-theora: a1e56fd34408186e4bbccfd4996cb3dc -> 
  custom:scripting/monoscript/fileName/DoorScript.cs: 143c97188c85f752847111767840bcf1 -> 
  custom:scripting/monoscript/fileName/ResultScript.cs: 0266e71f1313a822e8963cf3754cd759 -> 
  custom:container-demuxer-webm: 4f35f7cbe854078d1ac9338744f61a02 -> 
  custom:container-muxer-webm: aa71ff27fc2769a1b78a27578f13a17b -> 
  custom:video-decoder-webm-vp8: 9c59270c3fd7afecdb556c50c9e8de78 -> 
  custom:AudioImporter_EditorPlatform: 3918e3fc78b5a79bad01e8451be0beb8 -> 
  custom:framework-osx-AVFoundation: e770b220cccbd017edd2c1fefb359320 -> 
  custom:video-encoder-webm-vp8: eb34c28f22e8b96e1ab97ce403110664 -> 
  custom:audio-decoder-ogg-vorbis: bf7c407c2cedff20999df2af8eb42d56 -> 
  custom:scripting/monoscript/fileName/NavMeshUpdater.cs: fe81a4b279067129accbf3f640becb59 -> 
  custom:audio-encoder-webm-vorbis: bf7c407c2cedff20999df2af8eb42d56 -> 
