Using pre-set license
Built from '2022.2/staging' branch; Version is '2022.2.14f1 (b2c9b1ac6cc0) revision 11717041'; Using compiler version '192829333'; Build Type 'Release'
OS: 'Windows 11  (10.0.22621) 64bit Core' Language: 'en' Physical Memory: 16129 MB
BatchMode: 1, IsHumanControllingUs: 0, StartBugReporterOnCrash: 0, Is64bit: 1, IsPro: 1

COMMAND LINE ARGUMENTS:
C:\Program Files\Unity 2022.2.14f1\Editor\Unity.exe
-adb2
-batchMode
-noUpm
-name
AssetImportWorker2
-projectPath
C:/Users/briet/OneDrive/Desktop/URA/FloorPlans/BuildingComplexity/BuildingComplexity3D
-logFile
Logs/AssetImportWorker2.log
-srvPort
59969
Successfully changed project path to: C:/Users/briet/OneDrive/Desktop/URA/FloorPlans/BuildingComplexity/BuildingComplexity3D
C:/Users/briet/OneDrive/Desktop/URA/FloorPlans/BuildingComplexity/BuildingComplexity3D
[UnityMemory] Configuration Parameters - Can be set up in boot.config
    "memorysetup-bucket-allocator-granularity=16"
    "memorysetup-bucket-allocator-bucket-count=8"
    "memorysetup-bucket-allocator-block-size=33554432"
    "memorysetup-bucket-allocator-block-count=8"
    "memorysetup-main-allocator-block-size=16777216"
    "memorysetup-thread-allocator-block-size=16777216"
    "memorysetup-gfx-main-allocator-block-size=16777216"
    "memorysetup-gfx-thread-allocator-block-size=16777216"
    "memorysetup-cache-allocator-block-size=4194304"
    "memorysetup-typetree-allocator-block-size=2097152"
    "memorysetup-profiler-bucket-allocator-granularity=16"
    "memorysetup-profiler-bucket-allocator-bucket-count=8"
    "memorysetup-profiler-bucket-allocator-block-size=33554432"
    "memorysetup-profiler-bucket-allocator-block-count=8"
    "memorysetup-profiler-allocator-block-size=16777216"
    "memorysetup-profiler-editor-allocator-block-size=1048576"
    "memorysetup-temp-allocator-size-main=16777216"
    "memorysetup-job-temp-allocator-block-size=2097152"
    "memorysetup-job-temp-allocator-block-size-background=1048576"
    "memorysetup-job-temp-allocator-reduction-small-platforms=262144"
    "memorysetup-temp-allocator-size-background-worker=32768"
    "memorysetup-temp-allocator-size-job-worker=262144"
    "memorysetup-temp-allocator-size-preload-manager=33554432"
    "memorysetup-temp-allocator-size-nav-mesh-worker=65536"
    "memorysetup-temp-allocator-size-audio-worker=65536"
    "memorysetup-temp-allocator-size-cloud-worker=32768"
    "memorysetup-temp-allocator-size-gi-baking-worker=262144"
    "memorysetup-temp-allocator-size-gfx=262144"
Player connection [41236] Host "[IP] 10.48.5.127 [Port] 0 [Flags] 2 [Guid] 1234807275 [EditorId] 1234807275 [Version] 1048832 [Id] WindowsEditor(7,DESKTOP-0LGTKUB) [Debug] 1 [PackageName] WindowsEditor [ProjectName] Editor" joined multi-casting on [225.0.0.222:54997]...

Player connection [41236] Host "[IP] 10.48.5.127 [Port] 0 [Flags] 2 [Guid] 1234807275 [EditorId] 1234807275 [Version] 1048832 [Id] WindowsEditor(7,DESKTOP-0LGTKUB) [Debug] 1 [PackageName] WindowsEditor [ProjectName] Editor" joined alternative multi-casting on [225.0.0.222:34997]...

Refreshing native plugins compatible for Editor in 43.33 ms, found 6 plugins.
Preloading 0 native plugins for Editor in 0.00 ms.
Initialize engine version: 2022.2.14f1 (b2c9b1ac6cc0)
[Subsystems] Discovering subsystems at path C:/Program Files/Unity 2022.2.14f1/Editor/Data/Resources/UnitySubsystems
[Subsystems] Discovering subsystems at path C:/Users/briet/OneDrive/Desktop/URA/FloorPlans/BuildingComplexity/BuildingComplexity3D/Assets
GfxDevice: creating device client; threaded=0; jobified=0
Direct3D:
    Version:  Direct3D 11.0 [level 11.1]
    Renderer: NVIDIA GeForce GTX 1650 Ti (ID=0x1f95)
    Vendor:   NVIDIA
    VRAM:     3952 MB
    Driver:   31.0.15.3209
Initialize mono
Mono path[0] = 'C:/Program Files/Unity 2022.2.14f1/Editor/Data/Managed'
Mono path[1] = 'C:/Program Files/Unity 2022.2.14f1/Editor/Data/MonoBleedingEdge/lib/mono/unityjit-win32'
Mono config path = 'C:/Program Files/Unity 2022.2.14f1/Editor/Data/MonoBleedingEdge/etc'
Using monoOptions --debugger-agent=transport=dt_socket,embedding=1,server=y,suspend=n,address=127.0.0.1:56408
Begin MonoManager ReloadAssembly
Registering precompiled unity dll's ...
Register platform support module: C:/Program Files/Unity 2022.2.14f1/Editor/Data/PlaybackEngines/WindowsStandaloneSupport/UnityEditor.WindowsStandalone.Extensions.dll
Registered in 0.013722 seconds.
- Loaded All Assemblies, in  0.756 seconds
Native extension for WindowsStandalone target not found
Mono: successfully reloaded assembly
- Finished resetting the current domain, in  0.477 seconds
Domain Reload Profiling:
	ReloadAssembly (487ms)
		BeginReloadAssembly (250ms)
			ExecutionOrderSort (0ms)
			DisableScriptedObjects (0ms)
			BackupInstance (0ms)
			ReleaseScriptingObjects (0ms)
			CreateAndSetChildDomain (2ms)
		LoadAllAssembliesAndSetupDomain (0ms)
			LoadAssemblies (244ms)
			RebuildTransferFunctionScriptingTraits (0ms)
			SetupTypeCache (253ms)
				TypeCache.Initialize (252ms)
					TypeCache.ScanAssembly (250ms)
				ResolveRequiredComponents (1ms)
		FinalizeReload (0ms)
			ReleaseScriptCaches (0ms)
			RebuildScriptCaches (0ms)
			SetupLoadedEditorAssemblies (370ms)
				LogAssemblyErrors (0ms)
				InitializePlatformSupportModulesInManaged (17ms)
				SetLoadedEditorAssemblies (13ms)
				RefreshPlugins (0ms)
				BeforeProcessingInitializeOnLoad (2ms)
				ProcessInitializeOnLoadAttributes (253ms)
				ProcessInitializeOnLoadMethodAttributes (85ms)
				AfterProcessingInitializeOnLoad (0ms)
				EditorAssembliesLoaded (0ms)
			ExecutionOrderSort2 (0ms)
			AwakeInstancesAfterBackupRestoration (0ms)
========================================================================
Worker process is ready to serve import requests
Begin MonoManager ReloadAssembly
Symbol file LoadedFromMemory doesn't match image C:\Users\briet\OneDrive\Desktop\URA\FloorPlans\BuildingComplexity\BuildingComplexity3D\Library\PackageCache\com.unity.visualscripting@1.8.0\Editor\VisualScripting.Core\Dependencies\YamlDotNet\Unity.VisualScripting.YamlDotNet.dll
Symbol file LoadedFromMemory doesn't match image C:\Users\briet\OneDrive\Desktop\URA\FloorPlans\BuildingComplexity\BuildingComplexity3D\Library\PackageCache\com.unity.visualscripting@1.8.0\Editor\VisualScripting.Core\Dependencies\DotNetZip\Unity.VisualScripting.IonicZip.dll
- Loaded All Assemblies, in  1.332 seconds
Refreshing native plugins compatible for Editor in 11.88 ms, found 6 plugins.
Native extension for WindowsStandalone target not found
Mono: successfully reloaded assembly
- Finished resetting the current domain, in  0.898 seconds
Domain Reload Profiling:
	ReloadAssembly (357ms)
		BeginReloadAssembly (220ms)
			ExecutionOrderSort (0ms)
			DisableScriptedObjects (8ms)
			BackupInstance (0ms)
			ReleaseScriptingObjects (0ms)
			CreateAndSetChildDomain (31ms)
		LoadAllAssembliesAndSetupDomain (969ms)
			LoadAssemblies (524ms)
			RebuildTransferFunctionScriptingTraits (0ms)
			SetupTypeCache (549ms)
				TypeCache.Initialize (517ms)
					TypeCache.ScanAssembly (510ms)
				ResolveRequiredComponents (6ms)
		FinalizeReload (0ms)
			ReleaseScriptCaches (0ms)
			RebuildScriptCaches (0ms)
			SetupLoadedEditorAssemblies (627ms)
				LogAssemblyErrors (0ms)
				InitializePlatformSupportModulesInManaged (12ms)
				SetLoadedEditorAssemblies (7ms)
				RefreshPlugins (0ms)
				BeforeProcessingInitializeOnLoad (95ms)
				ProcessInitializeOnLoadAttributes (468ms)
				ProcessInitializeOnLoadMethodAttributes (32ms)
				AfterProcessingInitializeOnLoad (13ms)
				EditorAssembliesLoaded (0ms)
			ExecutionOrderSort2 (0ms)
			AwakeInstancesAfterBackupRestoration (14ms)
Launched and connected shader compiler UnityShaderCompiler.exe after 0.10 seconds
Refreshing native plugins compatible for Editor in 12.25 ms, found 6 plugins.
Preloading 0 native plugins for Editor in 0.00 ms.
Unloading 3277 Unused Serialized files (Serialized files now loaded: 0)
Unloading 37 unused Assets / (69.4 KB). Loaded Objects now: 3735.
Memory consumption went from 114.3 MB to 114.2 MB.
Total: 5.157800 ms (FindLiveObjects: 0.299400 ms CreateObjectMapping: 0.499300 ms MarkObjects: 4.232300 ms  DeleteObjects: 0.125700 ms)

AssetImportParameters requested are different than current active one (requested -> active):
  custom:container-demuxer-ogg: 62fdf1f143b41e24485cea50d1cbac27 -> 
  custom:video-codec-MediaFoundation-h265: 746d11721c4dcdbdad8f713fa42b33f4 -> 
  custom:video-decoder-ogg-theora: a1e56fd34408186e4bbccfd4996cb3dc -> 
  custom:framework-win-MediaFoundation: 216162199b28c13a410421893ffa2e32 -> 
  custom:container-demuxer-webm: 4f35f7cbe854078d1ac9338744f61a02 -> 
  custom:container-muxer-webm: aa71ff27fc2769a1b78a27578f13a17b -> 
  custom:video-decoder-webm-vp8: 9c59270c3fd7afecdb556c50c9e8de78 -> 
  custom:AudioImporter_EditorPlatform: d09bf68614088b80899f8185d706f6e7 -> 
  custom:video-encoder-webm-vp8: eb34c28f22e8b96e1ab97ce403110664 -> 
  custom:audio-decoder-ogg-vorbis: bf7c407c2cedff20999df2af8eb42d56 -> 
  custom:audio-encoder-webm-vorbis: bf7c407c2cedff20999df2af8eb42d56 -> 
========================================================================
Received Import Request.
  Time since last request: 961089.132893 seconds.
  path: Assets/Objects/Legos/3D/Modules/Ex. Hallways
  artifactKey: Guid(0d121cd0e88e24e7babeee60dc9375b9) Importer(815301076,1909f56bfc062723c751e8b465ee728b)
Start importing Assets/Objects/Legos/3D/Modules/Ex. Hallways using Guid(0d121cd0e88e24e7babeee60dc9375b9) Importer(815301076,1909f56bfc062723c751e8b465ee728b)  -> (artifact id: '671f53f8b79b1480aab311a53c92b81c') in 0.003474 seconds
Number of updated asset objects reloaded before import = 0
Number of asset objects unloaded after import = 0
========================================================================
Received Import Request.
  Time since last request: 0.126185 seconds.
  path: Assets/Objects/Legos/3D/Modules/Ex. Hallways/6x3 Hallway Horiz Door Both.prefab
  artifactKey: Guid(1d4e19336c0cb4a4d8d2d0cdab25c474) Importer(815301076,1909f56bfc062723c751e8b465ee728b)
Start importing Assets/Objects/Legos/3D/Modules/Ex. Hallways/6x3 Hallway Horiz Door Both.prefab using Guid(1d4e19336c0cb4a4d8d2d0cdab25c474) Importer(815301076,1909f56bfc062723c751e8b465ee728b)  -> (artifact id: '37bd8096f665b22421674e766024cea2') in 0.475062 seconds
Number of updated asset objects reloaded before import = 0
Number of asset objects unloaded after import = 187
========================================================================
Received Import Request.
  Time since last request: 4.275144 seconds.
  path: Assets/Objects/Legos/3D/Modules/3x3
  artifactKey: Guid(d56711e61b44349d780634a0d2df9cfa) Importer(815301076,1909f56bfc062723c751e8b465ee728b)
Start importing Assets/Objects/Legos/3D/Modules/3x3 using Guid(d56711e61b44349d780634a0d2df9cfa) Importer(815301076,1909f56bfc062723c751e8b465ee728b)  -> (artifact id: '3e516ed6464aa5f7b5b8dd514ea5bd23') in 0.000713 seconds
Number of updated asset objects reloaded before import = 0
Number of asset objects unloaded after import = 0
========================================================================
Received Import Request.
  Time since last request: 1.090859 seconds.
  path: Assets/Objects/Legos/3D/Modules/3x3/Corner Bottom Left.prefab
  artifactKey: Guid(0665cf6a5f9ae4b96b186402cc7471bf) Importer(815301076,1909f56bfc062723c751e8b465ee728b)
Start importing Assets/Objects/Legos/3D/Modules/3x3/Corner Bottom Left.prefab using Guid(0665cf6a5f9ae4b96b186402cc7471bf) Importer(815301076,1909f56bfc062723c751e8b465ee728b)  -> (artifact id: '38c7626306b44be19e3951730a7dd63c') in 0.027218 seconds
Number of updated asset objects reloaded before import = 0
Number of asset objects unloaded after import = 78
========================================================================
Received Import Request.
  Time since last request: 0.000029 seconds.
  path: Assets/Objects/Legos/3D/Modules/3x3/Corner Top Left Door Top.prefab
  artifactKey: Guid(fd8c0d99c1cbe41c3a0060b894298637) Importer(815301076,1909f56bfc062723c751e8b465ee728b)
Start importing Assets/Objects/Legos/3D/Modules/3x3/Corner Top Left Door Top.prefab using Guid(fd8c0d99c1cbe41c3a0060b894298637) Importer(815301076,1909f56bfc062723c751e8b465ee728b)  -> (artifact id: '43a31d84068f9ce6ba3aa908a78049e2') in 0.035995 seconds
Number of updated asset objects reloaded before import = 0
Number of asset objects unloaded after import = 121
========================================================================
Received Import Request.
  Time since last request: 0.000035 seconds.
  path: Assets/Objects/Legos/3D/Modules/3x3/Deadend Right.prefab
  artifactKey: Guid(a49644542c14b440d954f1cba8913917) Importer(815301076,1909f56bfc062723c751e8b465ee728b)
Start importing Assets/Objects/Legos/3D/Modules/3x3/Deadend Right.prefab using Guid(a49644542c14b440d954f1cba8913917) Importer(815301076,1909f56bfc062723c751e8b465ee728b)  -> (artifact id: '45460006716c356aabdae44320cfbdcc') in 0.032546 seconds
Number of updated asset objects reloaded before import = 0
Number of asset objects unloaded after import = 146
========================================================================
Received Import Request.
  Time since last request: 0.000025 seconds.
  path: Assets/Objects/Legos/3D/Modules/3x3/Corner Top Right Door Right.prefab
  artifactKey: Guid(bf7920cbdf54140a98b47ac3443d5056) Importer(815301076,1909f56bfc062723c751e8b465ee728b)
Start importing Assets/Objects/Legos/3D/Modules/3x3/Corner Top Right Door Right.prefab using Guid(bf7920cbdf54140a98b47ac3443d5056) Importer(815301076,1909f56bfc062723c751e8b465ee728b)  -> (artifact id: 'debac2c0f473767b424953a03d58e7e9') in 0.031048 seconds
Number of updated asset objects reloaded before import = 0
Number of asset objects unloaded after import = 157
========================================================================
Received Import Request.
  Time since last request: 0.000030 seconds.
  path: Assets/Objects/Legos/3D/Modules/3x3/Hallway Vert.prefab
  artifactKey: Guid(708131dae5ac340dca3fa864c25768ee) Importer(815301076,1909f56bfc062723c751e8b465ee728b)
Start importing Assets/Objects/Legos/3D/Modules/3x3/Hallway Vert.prefab using Guid(708131dae5ac340dca3fa864c25768ee) Importer(815301076,1909f56bfc062723c751e8b465ee728b)  -> (artifact id: 'd8e5580a905215eff9d3e19c39888f6a') in 0.031018 seconds
Number of updated asset objects reloaded before import = 0
Number of asset objects unloaded after import = 87
========================================================================
Received Import Request.
  Time since last request: 0.000045 seconds.
  path: Assets/Objects/Legos/3D/Modules/3x3/Side Left Door.prefab
  artifactKey: Guid(b16ab0fd04cca44568dd3f7466bd2891) Importer(815301076,1909f56bfc062723c751e8b465ee728b)
Start importing Assets/Objects/Legos/3D/Modules/3x3/Side Left Door.prefab using Guid(b16ab0fd04cca44568dd3f7466bd2891) Importer(815301076,1909f56bfc062723c751e8b465ee728b)  -> (artifact id: 'd0371d86ea14f05370d9bbd9f62df75c') in 0.030676 seconds
Number of updated asset objects reloaded before import = 0
Number of asset objects unloaded after import = 69
========================================================================
Received Import Request.
  Time since last request: 0.000021 seconds.
  path: Assets/Objects/Legos/3D/Modules/3x3/Side Right.prefab
  artifactKey: Guid(97ed4ca50a4cf4febb4f9ffbcfcec2c6) Importer(815301076,1909f56bfc062723c751e8b465ee728b)
Start importing Assets/Objects/Legos/3D/Modules/3x3/Side Right.prefab using Guid(97ed4ca50a4cf4febb4f9ffbcfcec2c6) Importer(815301076,1909f56bfc062723c751e8b465ee728b)  -> (artifact id: '4939e5a7570975ca08968bba8e474fe1') in 0.038012 seconds
Number of updated asset objects reloaded before import = 0
Number of asset objects unloaded after import = 92
========================================================================
Received Import Request.
  Time since last request: 0.000030 seconds.
  path: Assets/Objects/Legos/3D/Modules/3x3/Side Right Door.prefab
  artifactKey: Guid(9469fcc81d17444b9a241bdd5976886d) Importer(815301076,1909f56bfc062723c751e8b465ee728b)
Start importing Assets/Objects/Legos/3D/Modules/3x3/Side Right Door.prefab using Guid(9469fcc81d17444b9a241bdd5976886d) Importer(815301076,1909f56bfc062723c751e8b465ee728b)  -> (artifact id: '78aae9c025257d30571450c714cd76fa') in 0.031261 seconds
Number of updated asset objects reloaded before import = 0
Number of asset objects unloaded after import = 130
========================================================================
Received Import Request.
  Time since last request: 0.000021 seconds.
  path: Assets/Objects/Legos/3D/Modules/3x3/Corner Bottom Right Door Bottom.prefab
  artifactKey: Guid(0d6b05151c53649699ff9e2c45306a45) Importer(815301076,1909f56bfc062723c751e8b465ee728b)
Start importing Assets/Objects/Legos/3D/Modules/3x3/Corner Bottom Right Door Bottom.prefab using Guid(0d6b05151c53649699ff9e2c45306a45) Importer(815301076,1909f56bfc062723c751e8b465ee728b)  -> (artifact id: 'e21d25444ab59c06baf8dba0ab4fab06') in 0.031568 seconds
Number of updated asset objects reloaded before import = 0
Number of asset objects unloaded after import = 193
Editor requested this worker to shutdown with reason: Scaling down because of idle timeout
TcpMessagingSession - receive error: operation aborted. errorcode: 995, details: The I/O operation has been aborted because of either a thread exit or an application request.
AssetImportWorker is now disconnected from the server
Process exiting
Exiting without the bug reporter. Application will terminate with return code 0