Using pre-set license
Built from '2022.2/staging' branch; Version is '2022.2.14f1 (b2c9b1ac6cc0) revision 11717041'; Using compiler version '192829333'; Build Type 'Release'
OS: 'Windows 11  (10.0.22000) 64bit Core' Language: 'en' Physical Memory: 16218 MB
BatchMode: 1, IsHumanControllingUs: 0, StartBugReporterOnCrash: 0, Is64bit: 1, IsPro: 1

COMMAND LINE ARGUMENTS:
C:\Program Files\Unity 2022.2.14f1\Editor\Unity.exe
-adb2
-batchMode
-noUpm
-name
AssetImportWorker0
-projectPath
C:/Users/chmca/OneDrive/Desktop/Ease/BuildingComplexity/BuildingComplexity3D
-logFile
Logs/AssetImportWorker0.log
-srvPort
64546
Successfully changed project path to: C:/Users/chmca/OneDrive/Desktop/Ease/BuildingComplexity/BuildingComplexity3D
C:/Users/chmca/OneDrive/Desktop/Ease/BuildingComplexity/BuildingComplexity3D
[UnityMemory] Configuration Parameters - Can be set up in boot.config
    "memorysetup-bucket-allocator-granularity=16"
    "memorysetup-bucket-allocator-bucket-count=8"
    "memorysetup-bucket-allocator-block-size=33554432"
    "memorysetup-bucket-allocator-block-count=8"
    "memorysetup-main-allocator-block-size=16777216"
    "memorysetup-thread-allocator-block-size=16777216"
    "memorysetup-gfx-main-allocator-block-size=16777216"
    "memorysetup-gfx-thread-allocator-block-size=16777216"
    "memorysetup-cache-allocator-block-size=4194304"
    "memorysetup-typetree-allocator-block-size=2097152"
    "memorysetup-profiler-bucket-allocator-granularity=16"
    "memorysetup-profiler-bucket-allocator-bucket-count=8"
    "memorysetup-profiler-bucket-allocator-block-size=33554432"
    "memorysetup-profiler-bucket-allocator-block-count=8"
    "memorysetup-profiler-allocator-block-size=16777216"
    "memorysetup-profiler-editor-allocator-block-size=1048576"
    "memorysetup-temp-allocator-size-main=16777216"
    "memorysetup-job-temp-allocator-block-size=2097152"
    "memorysetup-job-temp-allocator-block-size-background=1048576"
    "memorysetup-job-temp-allocator-reduction-small-platforms=262144"
    "memorysetup-temp-allocator-size-background-worker=32768"
    "memorysetup-temp-allocator-size-job-worker=262144"
    "memorysetup-temp-allocator-size-preload-manager=33554432"
    "memorysetup-temp-allocator-size-nav-mesh-worker=65536"
    "memorysetup-temp-allocator-size-audio-worker=65536"
    "memorysetup-temp-allocator-size-cloud-worker=32768"
    "memorysetup-temp-allocator-size-gi-baking-worker=262144"
    "memorysetup-temp-allocator-size-gfx=262144"
Player connection [19440] Host "[IP] 10.50.25.96 [Port] 0 [Flags] 2 [Guid] 2946890277 [EditorId] 2946890277 [Version] 1048832 [Id] WindowsEditor(7,Charltonpro8) [Debug] 1 [PackageName] WindowsEditor [ProjectName] Editor" joined multi-casting on [225.0.0.222:54997]...

Player connection [19440] Host "[IP] 10.50.25.96 [Port] 0 [Flags] 2 [Guid] 2946890277 [EditorId] 2946890277 [Version] 1048832 [Id] WindowsEditor(7,Charltonpro8) [Debug] 1 [PackageName] WindowsEditor [ProjectName] Editor" joined alternative multi-casting on [225.0.0.222:34997]...

Refreshing native plugins compatible for Editor in 14.07 ms, found 6 plugins.
Preloading 0 native plugins for Editor in 0.00 ms.
Initialize engine version: 2022.2.14f1 (b2c9b1ac6cc0)
[Subsystems] Discovering subsystems at path C:/Program Files/Unity 2022.2.14f1/Editor/Data/Resources/UnitySubsystems
[Subsystems] Discovering subsystems at path C:/Users/chmca/OneDrive/Desktop/Ease/BuildingComplexity/BuildingComplexity3D/Assets
GfxDevice: creating device client; threaded=0; jobified=0
Direct3D:
    Version:  Direct3D 11.0 [level 11.1]
    Renderer: Intel(R) Iris(R) Xe Graphics (ID=0x9a49)
    Vendor:   Intel
    VRAM:     8109 MB
    Driver:   31.0.101.3889
Initialize mono
Mono path[0] = 'C:/Program Files/Unity 2022.2.14f1/Editor/Data/Managed'
Mono path[1] = 'C:/Program Files/Unity 2022.2.14f1/Editor/Data/MonoBleedingEdge/lib/mono/unityjit-win32'
Mono config path = 'C:/Program Files/Unity 2022.2.14f1/Editor/Data/MonoBleedingEdge/etc'
Using monoOptions --debugger-agent=transport=dt_socket,embedding=1,server=y,suspend=n,address=127.0.0.1:56984
Begin MonoManager ReloadAssembly
Registering precompiled unity dll's ...
Register platform support module: C:/Program Files/Unity 2022.2.14f1/Editor/Data/PlaybackEngines/WindowsStandaloneSupport/UnityEditor.WindowsStandalone.Extensions.dll
Registered in 0.007341 seconds.
- Loaded All Assemblies, in  0.523 seconds
Native extension for WindowsStandalone target not found
Mono: successfully reloaded assembly
- Finished resetting the current domain, in  0.440 seconds
Domain Reload Profiling:
	ReloadAssembly (296ms)
		BeginReloadAssembly (139ms)
			ExecutionOrderSort (0ms)
			DisableScriptedObjects (0ms)
			BackupInstance (0ms)
			ReleaseScriptingObjects (0ms)
			CreateAndSetChildDomain (1ms)
		LoadAllAssembliesAndSetupDomain (0ms)
			LoadAssemblies (136ms)
			RebuildTransferFunctionScriptingTraits (0ms)
			SetupTypeCache (217ms)
				TypeCache.Initialize (216ms)
					TypeCache.ScanAssembly (212ms)
				ResolveRequiredComponents (1ms)
		FinalizeReload (0ms)
			ReleaseScriptCaches (0ms)
			RebuildScriptCaches (0ms)
			SetupLoadedEditorAssemblies (331ms)
				LogAssemblyErrors (0ms)
				InitializePlatformSupportModulesInManaged (14ms)
				SetLoadedEditorAssemblies (10ms)
				RefreshPlugins (0ms)
				BeforeProcessingInitializeOnLoad (1ms)
				ProcessInitializeOnLoadAttributes (238ms)
				ProcessInitializeOnLoadMethodAttributes (67ms)
				AfterProcessingInitializeOnLoad (0ms)
				EditorAssembliesLoaded (0ms)
			ExecutionOrderSort2 (0ms)
			AwakeInstancesAfterBackupRestoration (0ms)
========================================================================
Worker process is ready to serve import requests
Begin MonoManager ReloadAssembly
Symbol file LoadedFromMemory doesn't match image C:\Users\chmca\OneDrive\Desktop\Ease\BuildingComplexity\BuildingComplexity3D\Library\PackageCache\com.unity.visualscripting@1.8.0\Editor\VisualScripting.Core\Dependencies\YamlDotNet\Unity.VisualScripting.YamlDotNet.dll
Symbol file LoadedFromMemory doesn't match image C:\Users\chmca\OneDrive\Desktop\Ease\BuildingComplexity\BuildingComplexity3D\Library\PackageCache\com.unity.visualscripting@1.8.0\Editor\VisualScripting.Core\Dependencies\DotNetZip\Unity.VisualScripting.IonicZip.dll
- Loaded All Assemblies, in  1.656 seconds
Refreshing native plugins compatible for Editor in 16.77 ms, found 6 plugins.
Native extension for WindowsStandalone target not found
Mono: successfully reloaded assembly
- Finished resetting the current domain, in  1.500 seconds
Domain Reload Profiling:
	ReloadAssembly (418ms)
		BeginReloadAssembly (231ms)
			ExecutionOrderSort (0ms)
			DisableScriptedObjects (11ms)
			BackupInstance (0ms)
			ReleaseScriptingObjects (0ms)
			CreateAndSetChildDomain (30ms)
		LoadAllAssembliesAndSetupDomain (1231ms)
			LoadAssemblies (514ms)
			RebuildTransferFunctionScriptingTraits (0ms)
			SetupTypeCache (839ms)
				TypeCache.Initialize (776ms)
					TypeCache.ScanAssembly (766ms)
				ResolveRequiredComponents (13ms)
		FinalizeReload (0ms)
			ReleaseScriptCaches (0ms)
			RebuildScriptCaches (0ms)
			SetupLoadedEditorAssemblies (1053ms)
				LogAssemblyErrors (0ms)
				InitializePlatformSupportModulesInManaged (14ms)
				SetLoadedEditorAssemblies (14ms)
				RefreshPlugins (0ms)
				BeforeProcessingInitializeOnLoad (191ms)
				ProcessInitializeOnLoadAttributes (771ms)
				ProcessInitializeOnLoadMethodAttributes (50ms)
				AfterProcessingInitializeOnLoad (14ms)
				EditorAssembliesLoaded (0ms)
			ExecutionOrderSort2 (0ms)
			AwakeInstancesAfterBackupRestoration (16ms)
Launched and connected shader compiler UnityShaderCompiler.exe after 0.09 seconds
Refreshing native plugins compatible for Editor in 15.57 ms, found 6 plugins.
Preloading 0 native plugins for Editor in 0.00 ms.
Unloading 3277 Unused Serialized files (Serialized files now loaded: 0)
Unloading 37 unused Assets / (69.7 KB). Loaded Objects now: 3735.
Memory consumption went from 114.1 MB to 114.1 MB.
Total: 6.783500 ms (FindLiveObjects: 0.657700 ms CreateObjectMapping: 0.278700 ms MarkObjects: 5.589600 ms  DeleteObjects: 0.255300 ms)

AssetImportParameters requested are different than current active one (requested -> active):
  custom:container-demuxer-ogg: 62fdf1f143b41e24485cea50d1cbac27 -> 
  custom:video-codec-MediaFoundation-h265: 746d11721c4dcdbdad8f713fa42b33f4 -> 
  custom:video-decoder-ogg-theora: a1e56fd34408186e4bbccfd4996cb3dc -> 
  custom:framework-win-MediaFoundation: 216162199b28c13a410421893ffa2e32 -> 
  custom:container-demuxer-webm: 4f35f7cbe854078d1ac9338744f61a02 -> 
  custom:container-muxer-webm: aa71ff27fc2769a1b78a27578f13a17b -> 
  custom:video-decoder-webm-vp8: 9c59270c3fd7afecdb556c50c9e8de78 -> 
  custom:AudioImporter_EditorPlatform: d09bf68614088b80899f8185d706f6e7 -> 
  custom:video-encoder-webm-vp8: eb34c28f22e8b96e1ab97ce403110664 -> 
  custom:audio-decoder-ogg-vorbis: bf7c407c2cedff20999df2af8eb42d56 -> 
  custom:audio-encoder-webm-vorbis: bf7c407c2cedff20999df2af8eb42d56 -> 
========================================================================
Received Import Request.
  Time since last request: 553007.612820 seconds.
  path: Assets/Floorplans/Charlton_Floorplans/1697038155164-f76a6623-cae2-48ef-8be9-cd8ceefed0dd_1[1].jpg
  artifactKey: Guid(f3f0b1c40890e4ede924b53f1a92fc98) Importer(815301076,1909f56bfc062723c751e8b465ee728b)
Start importing Assets/Floorplans/Charlton_Floorplans/1697038155164-f76a6623-cae2-48ef-8be9-cd8ceefed0dd_1[1].jpg using Guid(f3f0b1c40890e4ede924b53f1a92fc98) Importer(815301076,1909f56bfc062723c751e8b465ee728b)  -> (artifact id: '1ec8afc3849519f7bc89a687b346af6e') in 0.219338 seconds
Number of updated asset objects reloaded before import = 0
Number of asset objects unloaded after import = 3
========================================================================
Received Import Request.
  Time since last request: 79.349281 seconds.
  path: Assets/Scenes/Carver Hall.unity
  artifactKey: Guid(344346269e29d6b4d8f73b76b181994e) Importer(815301076,1909f56bfc062723c751e8b465ee728b)
Start importing Assets/Scenes/Carver Hall.unity using Guid(344346269e29d6b4d8f73b76b181994e) Importer(815301076,1909f56bfc062723c751e8b465ee728b)  -> (artifact id: 'ffa9b98d04b38d76a6cc6a920cda77cb') in 0.000979 seconds
Number of updated asset objects reloaded before import = 0
Number of asset objects unloaded after import = 0
========================================================================
Received Import Request.
  Time since last request: 140.280677 seconds.
  path: Assets/Scenes/DoorlessFloorplan.unity
  artifactKey: Guid(6046ff292d4824f31bea204801e97e6d) Importer(815301076,1909f56bfc062723c751e8b465ee728b)
Start importing Assets/Scenes/DoorlessFloorplan.unity using Guid(6046ff292d4824f31bea204801e97e6d) Importer(815301076,1909f56bfc062723c751e8b465ee728b)  -> (artifact id: '318cfc6b6fcfffcab7bb988282f662b2') in 0.000940 seconds
Number of updated asset objects reloaded before import = 0
Number of asset objects unloaded after import = 0
========================================================================
Received Import Request.
  Time since last request: 4.377580 seconds.
  path: Assets/Scenes/PrinceAndrewHigh.unity
  artifactKey: Guid(0d0477c65ba654d3d82deaecc486ab5d) Importer(815301076,1909f56bfc062723c751e8b465ee728b)
Start importing Assets/Scenes/PrinceAndrewHigh.unity using Guid(0d0477c65ba654d3d82deaecc486ab5d) Importer(815301076,1909f56bfc062723c751e8b465ee728b)  -> (artifact id: 'b01453a21d7ee56f47de2b9d0b103248') in 0.001082 seconds
Number of updated asset objects reloaded before import = 0
Number of asset objects unloaded after import = 0
========================================================================
Received Import Request.
  Time since last request: 3129.616515 seconds.
  path: Assets/LogFiles/Stair3DFloorplan_Date_09-05-2023_Time_23-47-10/_Floorplan.png
  artifactKey: Guid(30d7a5c2936e3654b99bd7e7d81f4c64) Importer(815301076,1909f56bfc062723c751e8b465ee728b)
Start importing Assets/LogFiles/Stair3DFloorplan_Date_09-05-2023_Time_23-47-10/_Floorplan.png using Guid(30d7a5c2936e3654b99bd7e7d81f4c64) Importer(815301076,1909f56bfc062723c751e8b465ee728b)  -> (artifact id: '7e0debdd727b4bbf482ec9c8f510621f') in 0.192599 seconds
Number of updated asset objects reloaded before import = 0
Number of asset objects unloaded after import = 1
========================================================================
Received Import Request.
  Time since last request: 673.217484 seconds.
  path: Assets/Objects/Legos/3D/Materials
  artifactKey: Guid(c071751485c17485296b49b708a64a0d) Importer(815301076,1909f56bfc062723c751e8b465ee728b)
Start importing Assets/Objects/Legos/3D/Materials using Guid(c071751485c17485296b49b708a64a0d) Importer(815301076,1909f56bfc062723c751e8b465ee728b)  -> (artifact id: '3268979912058e8a3ee46c408a4786d5') in 0.001494 seconds
Number of updated asset objects reloaded before import = 0
Number of asset objects unloaded after import = 0
========================================================================
Received Import Request.
  Time since last request: 0.091533 seconds.
  path: Assets/Objects/Legos/3D/Materials/clear material.mat
  artifactKey: Guid(697880482b0d3431c87945da7d7b3336) Importer(815301076,1909f56bfc062723c751e8b465ee728b)
Start importing Assets/Objects/Legos/3D/Materials/clear material.mat using Guid(697880482b0d3431c87945da7d7b3336) Importer(815301076,1909f56bfc062723c751e8b465ee728b)  -> (artifact id: 'd48284d5a97bfa1a95dbb10e5cd6876b') in 0.171618 seconds
Number of updated asset objects reloaded before import = 0
Number of asset objects unloaded after import = 1
========================================================================
Received Import Request.
  Time since last request: 0.000024 seconds.
  path: Assets/Objects/Legos/3D/Materials/floor material.mat
  artifactKey: Guid(1af7500d0bd7741ce835fbb1dca72fbc) Importer(815301076,1909f56bfc062723c751e8b465ee728b)
Start importing Assets/Objects/Legos/3D/Materials/floor material.mat using Guid(1af7500d0bd7741ce835fbb1dca72fbc) Importer(815301076,1909f56bfc062723c751e8b465ee728b)  -> (artifact id: 'c4e6d9997838a19b4998b77e9a826104') in 0.054901 seconds
Number of updated asset objects reloaded before import = 0
Number of asset objects unloaded after import = 1
========================================================================
Received Import Request.
  Time since last request: 0.000028 seconds.
  path: Assets/Objects/Legos/3D/Materials/wall material.mat
  artifactKey: Guid(1ff107d16589142f3b3f23f4038f29a3) Importer(815301076,1909f56bfc062723c751e8b465ee728b)
Start importing Assets/Objects/Legos/3D/Materials/wall material.mat using Guid(1ff107d16589142f3b3f23f4038f29a3) Importer(815301076,1909f56bfc062723c751e8b465ee728b)  -> (artifact id: '3bb725e57a8478a37fdacd30a8acfe2e') in 0.044193 seconds
Number of updated asset objects reloaded before import = 0
Number of asset objects unloaded after import = 1
========================================================================
Received Import Request.
  Time since last request: 0.000023 seconds.
  path: Assets/Objects/Legos/3D/Materials/stair material.mat
  artifactKey: Guid(d9ebb3adb17e9480a89bc945406ba813) Importer(815301076,1909f56bfc062723c751e8b465ee728b)
Start importing Assets/Objects/Legos/3D/Materials/stair material.mat using Guid(d9ebb3adb17e9480a89bc945406ba813) Importer(815301076,1909f56bfc062723c751e8b465ee728b)  -> (artifact id: '74b2e149a1cb019840e970061af5b313') in 0.047159 seconds
Number of updated asset objects reloaded before import = 0
Number of asset objects unloaded after import = 1
========================================================================
Received Import Request.
  Time since last request: 0.000025 seconds.
  path: Assets/Objects/Legos/3D/Materials/green material.mat
  artifactKey: Guid(0f1a7ddd4e00d4093acb569e4d91acd1) Importer(815301076,1909f56bfc062723c751e8b465ee728b)
Start importing Assets/Objects/Legos/3D/Materials/green material.mat using Guid(0f1a7ddd4e00d4093acb569e4d91acd1) Importer(815301076,1909f56bfc062723c751e8b465ee728b)  -> (artifact id: '8323b1543e9cbeaabca6c46b71ac6fed') in 0.046487 seconds
Number of updated asset objects reloaded before import = 0
Number of asset objects unloaded after import = 1
========================================================================
Received Import Request.
  Time since last request: 0.000024 seconds.
  path: Assets/Objects/Legos/3D/Materials/exit material.mat
  artifactKey: Guid(eb048db17a16b45248e8adf141d18c02) Importer(815301076,1909f56bfc062723c751e8b465ee728b)
Start importing Assets/Objects/Legos/3D/Materials/exit material.mat using Guid(eb048db17a16b45248e8adf141d18c02) Importer(815301076,1909f56bfc062723c751e8b465ee728b)  -> (artifact id: '7b45543d549a4b3ee945eb5db1c99a5d') in 0.084096 seconds
Number of updated asset objects reloaded before import = 0
Number of asset objects unloaded after import = 1
========================================================================
Received Import Request.
  Time since last request: 3.102910 seconds.
  path: Assets/Objects/Legos/3D/Modules
  artifactKey: Guid(51314fea3abce4bd1ae5b7a893b7733e) Importer(815301076,1909f56bfc062723c751e8b465ee728b)
Start importing Assets/Objects/Legos/3D/Modules using Guid(51314fea3abce4bd1ae5b7a893b7733e) Importer(815301076,1909f56bfc062723c751e8b465ee728b)  -> (artifact id: 'e64f04f255759461eebdf464472a811d') in 0.001252 seconds
Number of updated asset objects reloaded before import = 0
Number of asset objects unloaded after import = 0
========================================================================
Received Import Request.
  Time since last request: 2.040049 seconds.
  path: Assets/Objects/Legos/3D/Modules/3x3/Hallway Horiz Door Both.prefab
  artifactKey: Guid(574c98e72450e43739ae6c626f4fd553) Importer(815301076,1909f56bfc062723c751e8b465ee728b)
Start importing Assets/Objects/Legos/3D/Modules/3x3/Hallway Horiz Door Both.prefab using Guid(574c98e72450e43739ae6c626f4fd553) Importer(815301076,1909f56bfc062723c751e8b465ee728b)  -> (artifact id: '2dc0144eacc336ccbb50d36306e8b983') in 0.092515 seconds
Number of updated asset objects reloaded before import = 0
Number of asset objects unloaded after import = 106
========================================================================
Received Import Request.
  Time since last request: 0.000029 seconds.
  path: Assets/Objects/Legos/3D/Modules/3x3/Side Left.prefab
  artifactKey: Guid(48e6a6e2471224e0c903cbd4c9858792) Importer(815301076,1909f56bfc062723c751e8b465ee728b)
Start importing Assets/Objects/Legos/3D/Modules/3x3/Side Left.prefab using Guid(48e6a6e2471224e0c903cbd4c9858792) Importer(815301076,1909f56bfc062723c751e8b465ee728b)  -> (artifact id: '7f51b7de88c8b270eae6abe97555f035') in 0.075203 seconds
Number of updated asset objects reloaded before import = 0
Number of asset objects unloaded after import = 55
========================================================================
Received Import Request.
  Time since last request: 0.000364 seconds.
  path: Assets/Objects/Legos/3D/Modules/3x3/Side Right.prefab
  artifactKey: Guid(97ed4ca50a4cf4febb4f9ffbcfcec2c6) Importer(815301076,1909f56bfc062723c751e8b465ee728b)
Start importing Assets/Objects/Legos/3D/Modules/3x3/Side Right.prefab using Guid(97ed4ca50a4cf4febb4f9ffbcfcec2c6) Importer(815301076,1909f56bfc062723c751e8b465ee728b)  -> (artifact id: '55b08c553810ca0f5ba0fae3636d5114') in 0.058310 seconds
Number of updated asset objects reloaded before import = 0
Number of asset objects unloaded after import = 92
========================================================================
Received Import Request.
  Time since last request: 0.000063 seconds.
  path: Assets/Objects/Legos/3D/Modules/3x3/Hallway Vert Door Left.prefab
  artifactKey: Guid(0510b7a24940f49a69270ce3fe34ba2b) Importer(815301076,1909f56bfc062723c751e8b465ee728b)
Start importing Assets/Objects/Legos/3D/Modules/3x3/Hallway Vert Door Left.prefab using Guid(0510b7a24940f49a69270ce3fe34ba2b) Importer(815301076,1909f56bfc062723c751e8b465ee728b)  -> (artifact id: 'aa04f697564a84d7320a941dca4da307') in 0.046365 seconds
Number of updated asset objects reloaded before import = 0
Number of asset objects unloaded after import = 92
========================================================================
Received Import Request.
  Time since last request: 0.000035 seconds.
  path: Assets/Objects/Legos/3D/Modules/3x3/Hallway Vert Door Both.prefab
  artifactKey: Guid(fe2d7ba6d3b0c41db8393f43971d7726) Importer(815301076,1909f56bfc062723c751e8b465ee728b)
Start importing Assets/Objects/Legos/3D/Modules/3x3/Hallway Vert Door Both.prefab using Guid(fe2d7ba6d3b0c41db8393f43971d7726) Importer(815301076,1909f56bfc062723c751e8b465ee728b)  -> (artifact id: 'd1105797d2dd13bd009df16cccf3dfa8') in 0.099270 seconds
Number of updated asset objects reloaded before import = 0
Number of asset objects unloaded after import = 155
Editor requested this worker to shutdown with reason: Scaling down because of idle timeout
TcpMessagingSession - receive error
AssetImportWorkerClient::OnTransportError - code=2 error=End of file
AssetImportWorker is now disconnected from the server
Process exiting
Exiting without the bug reporter. Application will terminate with return code 0